
**** Build of configuration Nios II for project analog_check ****

make all 
Info: Building ../analog_check_bsp/
make --no-print-directory -C ../analog_check_bsp/
[BSP build complete]
Info: Compiling main.c to obj/default/main.o
nios2-elf-gcc -xc -MP -MMD -c -I../analog_check_bsp//HAL/inc -I../analog_check_bsp/ -I../analog_check_bsp//drivers/inc  -DSYSTEM_BUS_WIDTH=32 -pipe -D__hal__ -DALT_NO_INSTRUCTION_EMULATION -DALT_SINGLE_THREADED    -O0 -g -Wall   -mhw-div -mhw-mul -mno-hw-mulx  -o obj/default/main.o main.c
main.c:12:8: warning: type defaults to 'int' in declaration of 'mem_write_word' [-Wimplicit-int]
main.c: In function 'main':
main.c:17:2: warning: implicit declaration of function 'trigger_init' [-Wimplicit-function-declaration]
main.c:19:2: warning: implicit declaration of function 'set_sample_rate' [-Wimplicit-function-declaration]
main.c:20:2: warning: implicit declaration of function 'set_delay' [-Wimplicit-function-declaration]
main.c:21:2: warning: implicit declaration of function 'set_trigger' [-Wimplicit-function-declaration]
main.c:25:3: warning: implicit declaration of function 'start_sample' [-Wimplicit-function-declaration]
main.c:27:3: warning: implicit declaration of function 'sample_done' [-Wimplicit-function-declaration]
main.c:27:8: warning: assignment makes pointer from integer without a cast [enabled by default]
main.c:50:2: warning: implicit declaration of function 'printf' [-Wimplicit-function-declaration]
main.c:50:2: warning: incompatible implicit declaration of built-in function 'printf' [enabled by default]
Info: Linking analog_check.elf
nios2-elf-g++  -T'../analog_check_bsp//linker.x' -msys-crt0='../analog_check_bsp//obj/HAL/src/crt0.o' -msys-lib=hal_bsp -L../analog_check_bsp/   -Wl,-Map=analog_check.map   -O0 -g -Wall   -mhw-div -mhw-mul -mno-hw-mulx  -o analog_check.elf obj/default/main.o obj/default/disp_fct.o obj/default/trigger.o -lm 
nios2-elf-insert analog_check.elf --thread_model hal --cpu_name nios --qsys true --simulation_enabled false --stderr_dev jtag --stdin_dev jtag --stdout_dev jtag --sopc_system_name sopc_scope_sys --quartus_project_dir "C:/Users/tago/Dropbox/OUT/EE52/quartus" --sopcinfo C:/Users/tago/Dropbox/OUT/EE52/quartus/sopc_scope_sys.sopcinfo
Info: (analog_check.elf) 16 KBytes program size (code + initialized data).
Info:                    105 KBytes free for stack + heap.
Info: Creating analog_check.objdump
nios2-elf-objdump --disassemble --syms --all-header --source analog_check.elf >analog_check.objdump
[analog_check build complete]

**** Build Finished ****
