Removed Pin From Net: NetName=VCC33 Pin=C66-1
Removed Pin From Net: NetName=GND Pin=C66-2
Removed Pin From Net: NetName=VCC33 Pin=C67-1
Removed Pin From Net: NetName=GND Pin=C67-2
Added Component: Designator=C66(CAPC1608L)
Added Component: Designator=C67(CAPC1608L)
Added Component: Designator=JP1(HDR1X3)
Added Pin To Net: NetName=VCC33 Pin=C66-1
Added Pin To Net: NetName=GND Pin=C66-2
Added Pin To Net: NetName=VCC33 Pin=C67-1
Added Pin To Net: NetName=GND Pin=C67-2
Added Pin To Net: NetName=NetC61_1 Pin=JP1-3
Added Pin To Net: NetName=NetJP1_1 Pin=JP1-1
Added Pin To Net: NetName=NetJP1_1 Pin=R38-2
Added Net: Name=NetJP1_1
Added Pin To Net: NetName=NetJP1_2 Pin=JP1-2
Added Pin To Net: NetName=NetJP1_2 Pin=P1-1
Added Pin To Net: NetName=NetJP1_2 Pin=P2-1
Added Net: Name=NetJP1_2
Added Member To Class: ClassName=analog_frontend Member=Component JP1 AIN
