Change Component Footprint: Designator=C2 Old Footprint=CAPC1608L New Footprint=CAPC1608M
Change Component Footprint: Designator=C3 Old Footprint=CAPC1608L New Footprint=CAPC1608M
Change Component Footprint: Designator=C4 Old Footprint=CAPC1608L New Footprint=CAPC1608M
Change Component Footprint: Designator=C5 Old Footprint=CAPC1608L New Footprint=CAPC1608M
Change Component Footprint: Designator=C6 Old Footprint=CAPC1608L New Footprint=CAPC1608M
Change Component Footprint: Designator=C7 Old Footprint=CAPC1608L New Footprint=CAPC1608M
Change Component Footprint: Designator=C8 Old Footprint=CAPC1608L New Footprint=CAPC1608M
Change Component Footprint: Designator=C9 Old Footprint=CAPC1608L New Footprint=CAPC1608M
Change Component Footprint: Designator=C10 Old Footprint=CAPC1608L New Footprint=CAPC1608M
Change Component Footprint: Designator=C11 Old Footprint=CAPC1608L New Footprint=CAPC1608M
Change Component Footprint: Designator=C12 Old Footprint=CAPC1608L New Footprint=CAPC1608M
Change Component Footprint: Designator=C13 Old Footprint=CAPC1608L New Footprint=CAPC1608M
Change Component Footprint: Designator=C14 Old Footprint=CAPC1608L New Footprint=CAPC1608M
Change Component Footprint: Designator=C15 Old Footprint=CAPC1608L New Footprint=CAPC1608M
Change Component Footprint: Designator=C16 Old Footprint=CAPC1608L New Footprint=CAPC1608M
Change Component Footprint: Designator=C17 Old Footprint=CAPC1608L New Footprint=CAPC1608M
Change Component Footprint: Designator=C18 Old Footprint=CAPC1608L New Footprint=CAPC1608M
Change Component Footprint: Designator=C19 Old Footprint=CAPC1608L New Footprint=CAPC1608M
Change Component Footprint: Designator=C20 Old Footprint=CAPC1608L New Footprint=CAPC1608M
Change Component Footprint: Designator=C21 Old Footprint=CAPC1608L New Footprint=CAPC1608M
Change Component Footprint: Designator=C22 Old Footprint=CAPC1608L New Footprint=CAPC1608M
Change Component Footprint: Designator=C23 Old Footprint=CAPC1608L New Footprint=CAPC1608M
Change Component Footprint: Designator=C26 Old Footprint=CAPC1608L New Footprint=CAPC1608M
Change Component Footprint: Designator=C27 Old Footprint=CAPC1608L New Footprint=CAPC1608M
Change Component Footprint: Designator=C28 Old Footprint=CAPC1608L New Footprint=CAPC1608M
Change Component Footprint: Designator=C29 Old Footprint=CAPC1608L New Footprint=CAPC1608M
Change Component Footprint: Designator=C30 Old Footprint=CAPC1608L New Footprint=CAPC1608M
Change Component Footprint: Designator=C31 Old Footprint=CAPC1608L New Footprint=CAPC1608M
Change Component Footprint: Designator=C32 Old Footprint=CAPC1608L New Footprint=CAPC1608M
Change Component Footprint: Designator=C33 Old Footprint=CAPC1608L New Footprint=CAPC1608M
Change Component Footprint: Designator=C34 Old Footprint=CAPC1608L New Footprint=CAPC1608M
Change Component Footprint: Designator=C35 Old Footprint=CAPC1608L New Footprint=CAPC1608M
Change Component Footprint: Designator=C36 Old Footprint=CAPC1608L New Footprint=CAPC1608M
Change Component Footprint: Designator=C37 Old Footprint=CAPC1608L New Footprint=CAPC1608M
Change Component Footprint: Designator=C38 Old Footprint=CAPC1608L New Footprint=CAPC1608M
Change Component Footprint: Designator=C39 Old Footprint=CAPC1608L New Footprint=CAPC1608M
Change Component Footprint: Designator=C40 Old Footprint=CAPC1608L New Footprint=CAPC1608M
Change Component Footprint: Designator=C41 Old Footprint=CAPC1608L New Footprint=CAPC1608M
Change Component Footprint: Designator=C42 Old Footprint=CAPC1608L New Footprint=CAPC1608M
Change Component Footprint: Designator=C43 Old Footprint=CAPC1608L New Footprint=CAPC1608M
Change Component Footprint: Designator=C44 Old Footprint=CAPC1608L New Footprint=CAPC1608M
Change Component Footprint: Designator=C45 Old Footprint=CAPC1608L New Footprint=CAPC1608M
Change Component Footprint: Designator=C46 Old Footprint=CAPC1608L New Footprint=CAPC1608M
Change Component Footprint: Designator=C47 Old Footprint=CAPC1608L New Footprint=CAPC1608M
Change Component Footprint: Designator=C48 Old Footprint=CAPC1608L New Footprint=CAPC1608M
Change Component Footprint: Designator=C49 Old Footprint=CAPC1608L New Footprint=CAPC1608M
Change Component Footprint: Designator=C50 Old Footprint=CAPC1608L New Footprint=CAPC1608M
Change Component Footprint: Designator=C51 Old Footprint=CAPC1608L New Footprint=CAPC1608M
Change Component Footprint: Designator=C52 Old Footprint=CAPC1608L New Footprint=CAPC1608M
Change Component Footprint: Designator=C53 Old Footprint=CAPC1608L New Footprint=CAPC1608M
Change Component Footprint: Designator=C55 Old Footprint=CAPC1608L New Footprint=CAPC1608M
Change Component Footprint: Designator=C56 Old Footprint=CAPC1608L New Footprint=CAPC1608M
Change Component Footprint: Designator=C57 Old Footprint=CAPC1608L New Footprint=CAPC1608M
Change Component Footprint: Designator=C58 Old Footprint=CAPC1608L New Footprint=CAPC1608M
Change Component Footprint: Designator=C59 Old Footprint=CAPC1608L New Footprint=CAPC1608M
Change Component Footprint: Designator=C60 Old Footprint=CAPC1608L New Footprint=CAPC1608M
Change Component Footprint: Designator=C61 Old Footprint=CAPC1608L New Footprint=CAPC1608M
Change Component Footprint: Designator=C62 Old Footprint=CAPC1608L New Footprint=CAPC1608M
Change Component Footprint: Designator=C64 Old Footprint=CAPC1608L New Footprint=CAPC1608M
Change Component Footprint: Designator=C66 Old Footprint=CAPC1608L New Footprint=CAPC1608M
Change Component Footprint: Designator=C67 Old Footprint=CAPC1608L New Footprint=CAPC1608M
Change Component Footprint: Designator=C71 Old Footprint=CAPC1608L New Footprint=CAPC1608M
Change Component Footprint: Designator=C72 Old Footprint=CAPC1608L New Footprint=CAPC1608M
Change Component Footprint: Designator=C73 Old Footprint=CAPC1608L New Footprint=CAPC1608M
Change Component Footprint: Designator=C74 Old Footprint=CAPC1608L New Footprint=CAPC1608M
Change Component Footprint: Designator=C75 Old Footprint=CAPC1608L New Footprint=CAPC1608M
Change Component Footprint: Designator=C76 Old Footprint=CAPC1608L New Footprint=CAPC1608M
Change Component Footprint: Designator=C77 Old Footprint=CAPC1608L New Footprint=CAPC1608M
Change Component Footprint: Designator=C78 Old Footprint=CAPC1608L New Footprint=CAPC1608M
Change Component Footprint: Designator=C79 Old Footprint=CAPC1608L New Footprint=CAPC1608M
Change Component Footprint: Designator=C80 Old Footprint=CAPC1608L New Footprint=CAPC1608M
Change Component Footprint: Designator=C81 Old Footprint=CAPC1608L New Footprint=CAPC1608M
Change Component Footprint: Designator=C82 Old Footprint=CAPC1608L New Footprint=CAPC1608M
Change Component Footprint: Designator=C83 Old Footprint=CAPC1608L New Footprint=CAPC1608M
Change Component Footprint: Designator=C84 Old Footprint=CAPC1608L New Footprint=CAPC1608M
Change Component Footprint: Designator=C85 Old Footprint=CAPC1608L New Footprint=CAPC1608M
Change Component Footprint: Designator=C86 Old Footprint=CAPC1608L New Footprint=CAPC1608M
Change Component Footprint: Designator=C87 Old Footprint=CAPC1608L New Footprint=CAPC1608M
Change Component Footprint: Designator=C88 Old Footprint=CAPC1608L New Footprint=CAPC1608M
Change Component Footprint: Designator=C89 Old Footprint=CAPC1608L New Footprint=CAPC1608M
Change Component Footprint: Designator=C90 Old Footprint=CAPC1608L New Footprint=CAPC1608M
Change Component Footprint: Designator=C91 Old Footprint=CAPC1608L New Footprint=CAPC1608M
Change Component Footprint: Designator=C92 Old Footprint=CAPC1608L New Footprint=CAPC1608M
Change Component Footprint: Designator=C93 Old Footprint=CAPC1608L New Footprint=CAPC1608M
Change Component Footprint: Designator=C94 Old Footprint=CAPC1608L New Footprint=CAPC1608M
Change Component Comment : Designator=JP4 Old Comment=MSEL0 New Comment=AIN
Change Component Comment : Designator=JP3 Old Comment=MSEL1 New Comment=AIN
Change Component Comment : Designator=JP2 Old Comment=MSEL2 New Comment=AIN
Added Room: Name=analog_frontend
Added Room: Name=fpga_sch
Added Room: Name=sram_rom
Added Room: Name=user_input
Added Room: Name=vram
