Removed Pin From Net: NetName=D8 Pin=U6-26
Removed Pin From Net: NetName=D9 Pin=U6-27
Removed Pin From Net: NetName=D10 Pin=U6-29
Removed Pin From Net: NetName=D11 Pin=U6-30
Removed Pin From Net: NetName=D12 Pin=U6-32
Removed Pin From Net: NetName=D13 Pin=U6-33
Removed Pin From Net: NetName=D14 Pin=U6-35
Removed Pin From Net: NetName=D15 Pin=U6-36
Removed Pin From Net: NetName=D16 Pin=U6-37
Removed Pin From Net: NetName=D17 Pin=U6-38
Removed Pin From Net: NetName=D18 Pin=U6-40
Removed Pin From Net: NetName=D19 Pin=U6-41
Removed Pin From Net: NetName=D20 Pin=U6-43
Removed Pin From Net: NetName=D21 Pin=U6-44
Removed Pin From Net: NetName=D22 Pin=U6-46
Removed Pin From Net: NetName=D23 Pin=U6-47
Removed Pin From Net: NetName=A0 Pin=U8-26
Removed Pin From Net: NetName=A1 Pin=U8-27
Removed Pin From Net: NetName=A2 Pin=U8-29
Removed Pin From Net: NetName=A3 Pin=U8-30
Removed Pin From Net: NetName=A4 Pin=U8-32
Removed Pin From Net: NetName=A5 Pin=U8-33
Removed Pin From Net: NetName=A6 Pin=U8-35
Removed Pin From Net: NetName=A7 Pin=U8-36
Removed Pin From Net: NetName=A8 Pin=U8-37
Removed Pin From Net: NetName=A9 Pin=U8-38
Removed Pin From Net: NetName=A10 Pin=U8-40
Removed Pin From Net: NetName=A11 Pin=U8-41
Removed Pin From Net: NetName=A12 Pin=U8-43
Removed Pin From Net: NetName=A13 Pin=U8-44
Removed Pin From Net: NetName=A14 Pin=U8-46
Removed Pin From Net: NetName=A15 Pin=U8-47
Removed Pin From Net: NetName=IO207 Pin=U9-1
Removed Pin From Net: NetName=NetR29_1 Pin=U9-24
Removed Pin From Net: NetName=A16 Pin=U9-26
Removed Pin From Net: NetName=A17 Pin=U9-27
Removed Pin From Net: NetName=A18 Pin=U9-29
Removed Pin From Net: NetName=A19 Pin=U9-30
Removed Pin From Net: NetName=CS0 Pin=U9-32
Removed Pin From Net: NetName=CS1 Pin=U9-33
Removed Pin From Net: NetName=CS2 Pin=U9-35
Removed Pin From Net: NetName=\WR Pin=U9-36
Removed Pin From Net: NetName=D0 Pin=U9-37
Removed Pin From Net: NetName=D1 Pin=U9-38
Removed Pin From Net: NetName=D2 Pin=U9-40
Removed Pin From Net: NetName=D3 Pin=U9-41
Removed Pin From Net: NetName=D4 Pin=U9-43
Removed Pin From Net: NetName=D5 Pin=U9-44
Removed Pin From Net: NetName=D6 Pin=U9-46
Removed Pin From Net: NetName=D7 Pin=U9-47
Added Pin To Net: NetName=D23 Pin=U6-26
Added Pin To Net: NetName=D22 Pin=U6-27
Added Pin To Net: NetName=D21 Pin=U6-29
Added Pin To Net: NetName=D20 Pin=U6-30
Added Pin To Net: NetName=D19 Pin=U6-32
Added Pin To Net: NetName=D18 Pin=U6-33
Added Pin To Net: NetName=D17 Pin=U6-35
Added Pin To Net: NetName=D16 Pin=U6-36
Added Pin To Net: NetName=D15 Pin=U6-37
Added Pin To Net: NetName=D14 Pin=U6-38
Added Pin To Net: NetName=D13 Pin=U6-40
Added Pin To Net: NetName=D12 Pin=U6-41
Added Pin To Net: NetName=D11 Pin=U6-43
Added Pin To Net: NetName=D10 Pin=U6-44
Added Pin To Net: NetName=D9 Pin=U6-46
Added Pin To Net: NetName=D8 Pin=U6-47
Added Pin To Net: NetName=A15 Pin=U8-26
Added Pin To Net: NetName=A14 Pin=U8-27
Added Pin To Net: NetName=A13 Pin=U8-29
Added Pin To Net: NetName=A12 Pin=U8-30
Added Pin To Net: NetName=A11 Pin=U8-32
Added Pin To Net: NetName=A10 Pin=U8-33
Added Pin To Net: NetName=A9 Pin=U8-35
Added Pin To Net: NetName=A8 Pin=U8-36
Added Pin To Net: NetName=A7 Pin=U8-37
Added Pin To Net: NetName=A6 Pin=U8-38
Added Pin To Net: NetName=A5 Pin=U8-40
Added Pin To Net: NetName=A4 Pin=U8-41
Added Pin To Net: NetName=A3 Pin=U8-43
Added Pin To Net: NetName=A2 Pin=U8-44
Added Pin To Net: NetName=A1 Pin=U8-46
Added Pin To Net: NetName=A0 Pin=U8-47
Added Pin To Net: NetName=NetR29_1 Pin=U9-1
Added Pin To Net: NetName=IO207 Pin=U9-24
Added Pin To Net: NetName=D7 Pin=U9-26
Added Pin To Net: NetName=D6 Pin=U9-27
Added Pin To Net: NetName=D5 Pin=U9-29
Added Pin To Net: NetName=D4 Pin=U9-30
Added Pin To Net: NetName=D3 Pin=U9-32
Added Pin To Net: NetName=D2 Pin=U9-33
Added Pin To Net: NetName=D1 Pin=U9-35
Added Pin To Net: NetName=D0 Pin=U9-36
Added Pin To Net: NetName=\WR Pin=U9-37
Added Pin To Net: NetName=CS2 Pin=U9-38
Added Pin To Net: NetName=CS1 Pin=U9-40
Added Pin To Net: NetName=CS0 Pin=U9-41
Added Pin To Net: NetName=A19 Pin=U9-43
Added Pin To Net: NetName=A18 Pin=U9-44
Added Pin To Net: NetName=A17 Pin=U9-46
Added Pin To Net: NetName=A16 Pin=U9-47
