Removed Pin From Net: NetName=VCC33 Pin=C66-1
Removed Pin From Net: NetName=AGND Pin=C66-2
Removed Pin From Net: NetName=VCC33 Pin=C67-1
Removed Pin From Net: NetName=AGND Pin=C67-2
Removed Pin From Net: NetName=VCC33 Pin=R48-1
Removed Pin From Net: NetName=VCC33 Pin=R49-1
Removed Pin From Net: NetName=VCC33 Pin=R50-1
Removed Pin From Net: NetName=VCC33 Pin=R51-1
Removed Pin From Net: NetName=AGND Pin=S2-1
Removed Pin From Net: NetName=AGND Pin=S3-1
Removed Pin From Net: NetName=AGND Pin=S4-1
Removed Pin From Net: NetName=AGND Pin=S5-1
Removed Member From Class: ClassName=user_input Member=R48
Removed Member From Class: ClassName=user_input Member=R49
Removed Member From Class: ClassName=user_input Member=R50
Removed Member From Class: ClassName=user_input Member=R51
Removed Member From Class: ClassName=user_input Member=S2
Removed Member From Class: ClassName=user_input Member=S3
Removed Member From Class: ClassName=user_input Member=S4
Removed Member From Class: ClassName=user_input Member=S5
Added Component: Designator=C66(CAPC1608L)
Added Component: Designator=C67(CAPC1608L)
Added Component: Designator=R52(J1-0603)
Added Component: Designator=R53(J1-0603)
Added Component: Designator=R54(J1-0603)
Added Component: Designator=SW1(PEC16-4xxxF-Sxxxx)
Added Pin To Net: NetName=VCC33 Pin=C66-1
Added Pin To Net: NetName=AGND Pin=C66-2
Added Pin To Net: NetName=VCC33 Pin=C67-1
Added Pin To Net: NetName=AGND Pin=C67-2
Added Pin To Net: NetName=VCC33 Pin=R52-1
Added Pin To Net: NetName=VCC33 Pin=R53-1
Added Pin To Net: NetName=VCC33 Pin=R54-1
Added Pin To Net: NetName=AGND Pin=SW1-2
Added Pin To Net: NetName=AGND Pin=SW1-5
Change Net Name : Old Net Name=SW0 New Net Name=SW1
Added Pin To Net: NetName=PIN19 Pin=J2-20
Added Pin To Net: NetName=PIN19 Pin=U7-35
Added Net: Name=PIN19
Added Pin To Net: NetName=ROT0A Pin=R52-2
Added Pin To Net: NetName=ROT0A Pin=SW1-1
Added Pin To Net: NetName=ROT0A Pin=U7-33
Added Net: Name=ROT0A
Added Pin To Net: NetName=ROT0B Pin=R53-2
Added Pin To Net: NetName=ROT0B Pin=SW1-3
Added Pin To Net: NetName=ROT0B Pin=U7-32
Added Net: Name=ROT0B
Added Pin To Net: NetName=ROT1A Pin=R52-2
Added Pin To Net: NetName=ROT1A Pin=SW1-1
Added Pin To Net: NetName=ROT1A Pin=U7-29
Added Net: Name=ROT1A
Added Pin To Net: NetName=ROT1B Pin=R53-2
Added Pin To Net: NetName=ROT1B Pin=SW1-3
Added Pin To Net: NetName=ROT1B Pin=U7-27
Added Net: Name=ROT1B
Added Pin To Net: NetName=SW0 Pin=R54-2
Added Pin To Net: NetName=SW0 Pin=SW1-4
Added Pin To Net: NetName=SW0 Pin=U7-30
Added Net: Name=SW0
