Change Component Designator: OldDesignator=C1 NewDesignator=C5
Change Component Designator: OldDesignator=C2 NewDesignator=C6
Change Component Designator: OldDesignator=C3 NewDesignator=C7
Change Component Designator: OldDesignator=C4 NewDesignator=C8
Change Component Designator: OldDesignator=C5 NewDesignator=C9
Change Component Designator: OldDesignator=C6 NewDesignator=C10
Change Component Designator: OldDesignator=C7 NewDesignator=C11
Change Component Designator: OldDesignator=C8 NewDesignator=C12
Change Component Designator: OldDesignator=C9 NewDesignator=C13
Change Component Designator: OldDesignator=C10 NewDesignator=C14
Change Component Designator: OldDesignator=C11 NewDesignator=C15
Change Component Designator: OldDesignator=C12 NewDesignator=C16
Change Component Designator: OldDesignator=C13 NewDesignator=C17
Change Component Designator: OldDesignator=C14 NewDesignator=C18
Change Component Designator: OldDesignator=C15 NewDesignator=C19
Change Component Designator: OldDesignator=C16 NewDesignator=C20
Change Component Designator: OldDesignator=C17 NewDesignator=C21
Change Component Designator: OldDesignator=C18 NewDesignator=C22
Change Component Designator: OldDesignator=C19 NewDesignator=C31
Change Component Designator: OldDesignator=C20 NewDesignator=C32
Change Component Designator: OldDesignator=C21 NewDesignator=C33
Change Component Designator: OldDesignator=C22 NewDesignator=C34
Change Component Designator: OldDesignator=C23 NewDesignator=C35
Change Component Designator: OldDesignator=C24 NewDesignator=C36
Change Component Designator: OldDesignator=C25 NewDesignator=C37
Change Component Designator: OldDesignator=C26 NewDesignator=C38
Change Component Designator: OldDesignator=C27 NewDesignator=C39
Change Component Designator: OldDesignator=C28 NewDesignator=C40
Change Component Designator: OldDesignator=C29 NewDesignator=C41
Change Component Designator: OldDesignator=C30 NewDesignator=C42
Change Component Designator: OldDesignator=C31 NewDesignator=C43
Change Component Designator: OldDesignator=C32 NewDesignator=C44
Change Component Designator: OldDesignator=C33 NewDesignator=C45
Change Component Designator: OldDesignator=C34 NewDesignator=C46
Change Component Designator: OldDesignator=C35 NewDesignator=C47
Change Component Designator: OldDesignator=C36 NewDesignator=C48
Change Component Designator: OldDesignator=C37 NewDesignator=C49
Change Component Designator: OldDesignator=C38 NewDesignator=C50
Change Component Designator: OldDesignator=C39 NewDesignator=C1
Change Component Designator: OldDesignator=C40 NewDesignator=C2
Change Component Designator: OldDesignator=C41 NewDesignator=C3
Change Component Designator: OldDesignator=C42 NewDesignator=C4
Change Component Designator: OldDesignator=C43 NewDesignator=C51
Change Component Designator: OldDesignator=C44 NewDesignator=C52
Change Component Designator: OldDesignator=J2 NewDesignator=J3
Change Component Designator: OldDesignator=J3 NewDesignator=J2
Added Component: Designator=C23(CAPC1608L)
Added Component: Designator=C24(CAPC1608L)
Added Component: Designator=C25(CAPC1608L)
Added Component: Designator=C26(CAPC1608L)
Added Component: Designator=C27(CAPC1608L)
Added Component: Designator=C28(CAPC1608L)
Added Component: Designator=C29(CAPC1608L)
Added Component: Designator=C30(CAPC1608L)
Added Pin To Net: NetName=VCC33 Pin=C23-1
Added Pin To Net: NetName=GND Pin=C23-2
Added Pin To Net: NetName=VCC33 Pin=C24-1
Added Pin To Net: NetName=GND Pin=C24-2
Added Pin To Net: NetName=VCC33 Pin=C25-1
Added Pin To Net: NetName=GND Pin=C25-2
Added Pin To Net: NetName=VCC33 Pin=C26-1
Added Pin To Net: NetName=GND Pin=C26-2
Added Pin To Net: NetName=VCC33 Pin=C27-1
Added Pin To Net: NetName=GND Pin=C27-2
Added Pin To Net: NetName=VCC33 Pin=C28-1
Added Pin To Net: NetName=GND Pin=C28-2
Added Pin To Net: NetName=VCC33 Pin=C29-1
Added Pin To Net: NetName=GND Pin=C29-2
Added Pin To Net: NetName=VCC33 Pin=C30-1
Added Pin To Net: NetName=GND Pin=C30-2
Added Member To Class: ClassName=fpga_sch Member=Component C43 Cap2
Added Member To Class: ClassName=fpga_sch Member=Component C44 Cap2
Added Member To Class: ClassName=fpga_sch Member=Component C45 Cap2
Added Member To Class: ClassName=fpga_sch Member=Component C46 Cap2
Added Member To Class: ClassName=fpga_sch Member=Component C47 Cap2
Added Member To Class: ClassName=fpga_sch Member=Component C48 Cap2
Added Member To Class: ClassName=fpga_sch Member=Component C49 Cap2
Added Member To Class: ClassName=fpga_sch Member=Component C50 Cap2
