Removed Pin From Net: NetName=VCCA Pin=C1-1
Removed Pin From Net: NetName=VCCA Pin=C2-1
Removed Pin From Net: NetName=VCCA Pin=C3-1
Removed Pin From Net: NetName=VCCA Pin=C4-1
Removed Pin From Net: NetName=VCCA Pin=C54-1
Removed Pin From Net: NetName=GND Pin=C54-2
Removed Pin From Net: NetName=GND Pin=C55-2
Removed Pin From Net: NetName=GND Pin=C56-2
Removed Pin From Net: NetName=GND Pin=C57-2
Removed Pin From Net: NetName=GND Pin=R31-1
Removed Pin From Net: NetName=VCCA Pin=R32-1
Removed Pin From Net: NetName=GND Pin=R39-1
Removed Pin From Net: NetName=GND Pin=U2-2
Removed Pin From Net: NetName=VCCA Pin=U2-3
Removed Pin From Net: NetName=VCCA Pin=U2-58
Removed Pin From Net: NetName=GND Pin=U2-59
Removed Pin From Net: NetName=GND Pin=U2-122
Removed Pin From Net: NetName=VCCA Pin=U2-123
Removed Pin From Net: NetName=VCCA Pin=U2-178
Removed Pin From Net: NetName=GND Pin=U2-179
Removed Pin From Net: NetName=GND Pin=U13-18
Removed Pin From Net: NetName=VCCA Pin=U13-19
Change Component Comment : Designator=U13 Old Comment=ADS830_DBQ_20 New Comment=ADS830
Change Component Designator: OldDesignator=C1 NewDesignator=C2
Change Component Designator: OldDesignator=C2 NewDesignator=C3
Change Component Designator: OldDesignator=C3 NewDesignator=C4
Change Component Designator: OldDesignator=C4 NewDesignator=C5
Change Component Designator: OldDesignator=C5 NewDesignator=C6
Change Component Designator: OldDesignator=C6 NewDesignator=C7
Change Component Designator: OldDesignator=C7 NewDesignator=C8
Change Component Designator: OldDesignator=C8 NewDesignator=C9
Change Component Designator: OldDesignator=C9 NewDesignator=C10
Change Component Designator: OldDesignator=C10 NewDesignator=C11
Change Component Designator: OldDesignator=C11 NewDesignator=C12
Change Component Designator: OldDesignator=C12 NewDesignator=C13
Change Component Designator: OldDesignator=C13 NewDesignator=C14
Change Component Designator: OldDesignator=C14 NewDesignator=C15
Change Component Designator: OldDesignator=C15 NewDesignator=C16
Change Component Designator: OldDesignator=C16 NewDesignator=C17
Change Component Designator: OldDesignator=C17 NewDesignator=C18
Change Component Designator: OldDesignator=C18 NewDesignator=C19
Change Component Designator: OldDesignator=C19 NewDesignator=C20
Change Component Designator: OldDesignator=C20 NewDesignator=C21
Change Component Designator: OldDesignator=C21 NewDesignator=C22
Change Component Designator: OldDesignator=C22 NewDesignator=C23
Change Component Designator: OldDesignator=C23 NewDesignator=C26
Change Component Designator: OldDesignator=C24 NewDesignator=C27
Change Component Designator: OldDesignator=C25 NewDesignator=C28
Change Component Designator: OldDesignator=C26 NewDesignator=C29
Change Component Designator: OldDesignator=C27 NewDesignator=C30
Change Component Designator: OldDesignator=C28 NewDesignator=C31
Change Component Designator: OldDesignator=C29 NewDesignator=C32
Change Component Designator: OldDesignator=C30 NewDesignator=C33
Change Component Designator: OldDesignator=C31 NewDesignator=C34
Change Component Designator: OldDesignator=C32 NewDesignator=C35
Change Component Designator: OldDesignator=C33 NewDesignator=C36
Change Component Designator: OldDesignator=C34 NewDesignator=C37
Change Component Designator: OldDesignator=C35 NewDesignator=C38
Change Component Designator: OldDesignator=C36 NewDesignator=C39
Change Component Designator: OldDesignator=C37 NewDesignator=C40
Change Component Designator: OldDesignator=C38 NewDesignator=C41
Change Component Designator: OldDesignator=C39 NewDesignator=C42
Change Component Designator: OldDesignator=C40 NewDesignator=C43
Change Component Designator: OldDesignator=C41 NewDesignator=C44
Change Component Designator: OldDesignator=C42 NewDesignator=C45
Change Component Designator: OldDesignator=C43 NewDesignator=C46
Change Component Designator: OldDesignator=C44 NewDesignator=C47
Change Component Designator: OldDesignator=C45 NewDesignator=C48
Change Component Designator: OldDesignator=C46 NewDesignator=C49
Change Component Designator: OldDesignator=C47 NewDesignator=C50
Change Component Designator: OldDesignator=C48 NewDesignator=C51
Change Component Designator: OldDesignator=C49 NewDesignator=C52
Change Component Designator: OldDesignator=C50 NewDesignator=C53
Change Component Designator: OldDesignator=C51 NewDesignator=C55
Change Component Designator: OldDesignator=C52 NewDesignator=C56
Change Component Designator: OldDesignator=C53 NewDesignator=C57
Change Component Designator: OldDesignator=C54 NewDesignator=C58
Change Component Designator: OldDesignator=C55 NewDesignator=C59
Change Component Designator: OldDesignator=C56 NewDesignator=C60
Change Component Designator: OldDesignator=C57 NewDesignator=C61
Change Component Designator: OldDesignator=C58 NewDesignator=C62
Change Component Designator: OldDesignator=C59 NewDesignator=C63
Change Component Designator: OldDesignator=J4 NewDesignator=J5
Change Component Designator: OldDesignator=R3 NewDesignator=R17
Change Component Designator: OldDesignator=R4 NewDesignator=R18
Change Component Designator: OldDesignator=R5 NewDesignator=R3
Change Component Designator: OldDesignator=R6 NewDesignator=R4
Change Component Designator: OldDesignator=R7 NewDesignator=R5
Change Component Designator: OldDesignator=R8 NewDesignator=R6
Change Component Designator: OldDesignator=R9 NewDesignator=R7
Change Component Designator: OldDesignator=R10 NewDesignator=R8
Change Component Designator: OldDesignator=R11 NewDesignator=R9
Change Component Designator: OldDesignator=R12 NewDesignator=R10
Change Component Designator: OldDesignator=R13 NewDesignator=R11
Change Component Designator: OldDesignator=R14 NewDesignator=R12
Change Component Designator: OldDesignator=R15 NewDesignator=R13
Change Component Designator: OldDesignator=R16 NewDesignator=R14
Change Component Designator: OldDesignator=R17 NewDesignator=R15
Change Component Designator: OldDesignator=R18 NewDesignator=R16
Change Component Designator: OldDesignator=R24 NewDesignator=R25
Change Component Designator: OldDesignator=R25 NewDesignator=R26
Change Component Designator: OldDesignator=R26 NewDesignator=R28
Change Component Designator: OldDesignator=R27 NewDesignator=R29
Change Component Designator: OldDesignator=R28 NewDesignator=R30
Change Component Designator: OldDesignator=R29 NewDesignator=R31
Change Component Designator: OldDesignator=R30 NewDesignator=R32
Change Component Designator: OldDesignator=R31 NewDesignator=R33
Change Component Designator: OldDesignator=R32 NewDesignator=R34
Change Component Designator: OldDesignator=R33 NewDesignator=R35
Change Component Designator: OldDesignator=R34 NewDesignator=R36
Change Component Designator: OldDesignator=R35 NewDesignator=R37
Change Component Designator: OldDesignator=R36 NewDesignator=R38
Change Component Designator: OldDesignator=R37 NewDesignator=R39
Change Component Designator: OldDesignator=R38 NewDesignator=R40
Change Component Designator: OldDesignator=R39 NewDesignator=R41
Change Component Designator: OldDesignator=R40 NewDesignator=R42
Change Component Designator: OldDesignator=R41 NewDesignator=R43
Change Component Designator: OldDesignator=R42 NewDesignator=R44
Change Component Designator: OldDesignator=R43 NewDesignator=R45
Change Component Designator: OldDesignator=R44 NewDesignator=R46
Change Component Designator: OldDesignator=R45 NewDesignator=R47
Change Component Designator: OldDesignator=R46 NewDesignator=R48
Change Component Designator: OldDesignator=R47 NewDesignator=R49
Change Component Designator: OldDesignator=R48 NewDesignator=R50
Change Component Designator: OldDesignator=R49 NewDesignator=R51
Change Component Designator: OldDesignator=R50 NewDesignator=R52
Change Component Designator: OldDesignator=R51 NewDesignator=R53
Change Component Designator: OldDesignator=R52 NewDesignator=R54
Change Component Designator: OldDesignator=U11 NewDesignator=U14
Change Component Designator: OldDesignator=U12 NewDesignator=U15
Change Component Designator: OldDesignator=U13 NewDesignator=U16
Change Component Designator: OldDesignator=U14 NewDesignator=U17
Change Component Designator: OldDesignator=U15 NewDesignator=U18
Added Component: Designator=C1(RB7.6-15)
Added Component: Designator=C24(C2917)
Added Component: Designator=C25(C2917)
Added Component: Designator=C54(C2917)
Added Component: Designator=J4(DIN5)
Added Component: Designator=R24(J1-0603)
Added Component: Designator=R27(J1-0603)
Added Component: Designator=U11(KVU3)
Added Component: Designator=U12(KVU3)
Added Component: Designator=U13(KVU3)
Added Pin To Net: NetName=VCC5 Pin=C1-1
Added Pin To Net: NetName=GND Pin=C1-2
Added Pin To Net: NetName=GND Pin=C24-2
Added Pin To Net: NetName=VCCINT Pin=C25-1
Added Pin To Net: NetName=GND Pin=C25-2
Added Pin To Net: NetName=VCC33 Pin=C54-1
Added Pin To Net: NetName=GND Pin=C54-2
Added Pin To Net: NetName=GND Pin=J4-1
Added Pin To Net: NetName=VCC-12 Pin=J4-2
Added Pin To Net: NetName=GND Pin=J4-3
Added Pin To Net: NetName=VCC+12 Pin=J4-4
Added Pin To Net: NetName=VCC5 Pin=J4-5
Added Pin To Net: NetName=GND Pin=R24-2
Added Pin To Net: NetName=GND Pin=R27-1
Added Pin To Net: NetName=VCC5 Pin=U11-1
Added Pin To Net: NetName=VCC5 Pin=U12-1
Added Pin To Net: NetName=VCCINT Pin=U12-2
Added Pin To Net: NetName=GND Pin=U12-3
Added Pin To Net: NetName=VCC5 Pin=U13-1
Added Pin To Net: NetName=VCC33 Pin=U13-2
Added Pin To Net: NetName=GND Pin=U13-3
Change Net Name : Old Net Name=NetC55_1 New Net Name=NetC59_1
Change Net Name : Old Net Name=NetC56_1 New Net Name=NetC60_1
Change Net Name : Old Net Name=NetC57_1 New Net Name=NetC61_1
Change Net Name : Old Net Name=NetJ4_37 New Net Name=NetJ5_37
Change Net Name : Old Net Name=NetJ4_38 New Net Name=NetJ5_38
Change Net Name : Old Net Name=NetJ4_39 New Net Name=NetJ5_39
Change Net Name : Old Net Name=NetJ4_40 New Net Name=NetJ5_40
Change Net Name : Old Net Name=NetR3_1 New Net Name=NetR17_1
Change Net Name : Old Net Name=NetR4_1 New Net Name=NetR18_1
Change Net Name : Old Net Name=NetR5_1 New Net Name=NetR3_1
Change Net Name : Old Net Name=NetR6_1 New Net Name=NetR4_1
Change Net Name : Old Net Name=NetR10_1 New Net Name=NetR8_1
Change Net Name : Old Net Name=NetR10_2 New Net Name=NetR8_2
Change Net Name : Old Net Name=NetR11_1 New Net Name=NetR9_1
Change Net Name : Old Net Name=NetR12_1 New Net Name=NetR10_1
Change Net Name : Old Net Name=NetR13_2 New Net Name=NetR11_2
Change Net Name : Old Net Name=NetR14_2 New Net Name=NetR12_2
Change Net Name : Old Net Name=NetR15_2 New Net Name=NetR13_2
Change Net Name : Old Net Name=NetR16_2 New Net Name=NetR14_2
Change Net Name : Old Net Name=NetR17_1 New Net Name=NetR15_1
Change Net Name : Old Net Name=NetR18_2 New Net Name=NetR16_2
Change Net Name : Old Net Name=NetR24_1 New Net Name=NetR25_1
Change Net Name : Old Net Name=NetR25_1 New Net Name=NetR26_1
Change Net Name : Old Net Name=NetR26_2 New Net Name=NetR28_2
Change Net Name : Old Net Name=NetR27_2 New Net Name=NetR29_2
Change Net Name : Old Net Name=NetR28_2 New Net Name=NetR30_2
Change Net Name : Old Net Name=NetR29_2 New Net Name=NetR31_2
Change Net Name : Old Net Name=NetR30_2 New Net Name=NetR32_2
Change Net Name : Old Net Name=NetR31_2 New Net Name=NetR33_2
Change Net Name : Old Net Name=NetR32_2 New Net Name=NetR34_2
Change Net Name : Old Net Name=NetR33_2 New Net Name=NetR35_2
Change Net Name : Old Net Name=NetR34_1 New Net Name=NetR36_1
Change Net Name : Old Net Name=NetR34_2 New Net Name=NetR36_2
Change Net Name : Old Net Name=NetR35_2 New Net Name=NetR37_2
Change Net Name : Old Net Name=NetR37_1 New Net Name=NetR39_1
Change Net Name : Old Net Name=NetR37_2 New Net Name=NetR39_2
Change Net Name : Old Net Name=NetR38_2 New Net Name=NetR40_2
Change Net Name : Old Net Name=NetR40_2 New Net Name=NetR42_2
Change Net Name : Old Net Name=NetR41_2 New Net Name=NetR43_2
Change Net Name : Old Net Name=NetR42_2 New Net Name=NetR44_2
Change Net Name : Old Net Name=NetR43_2 New Net Name=NetR45_2
Change Net Name : Old Net Name=NetR44_1 New Net Name=NetR46_1
Change Net Name : Old Net Name=NetR45_1 New Net Name=NetR47_1
Added Pin To Net: NetName=AGND Pin=C58-2
Added Pin To Net: NetName=AGND Pin=C59-2
Added Pin To Net: NetName=AGND Pin=C60-2
Added Pin To Net: NetName=AGND Pin=C61-2
Added Pin To Net: NetName=AGND Pin=R33-1
Added Pin To Net: NetName=AGND Pin=R41-1
Added Pin To Net: NetName=AGND Pin=U2-2
Added Pin To Net: NetName=AGND Pin=U2-59
Added Pin To Net: NetName=AGND Pin=U2-122
Added Pin To Net: NetName=AGND Pin=U2-179
Added Pin To Net: NetName=AGND Pin=U16-18
Added Net: Name=AGND
Added Pin To Net: NetName=NetR27_2 Pin=R27-2
Added Pin To Net: NetName=NetR27_2 Pin=U11-3
Added Net: Name=NetR27_2
Added Pin To Net: NetName=VCCA5 Pin=C58-1
Added Pin To Net: NetName=VCCA5 Pin=R34-1
Added Pin To Net: NetName=VCCA5 Pin=U16-19
Added Net: Name=VCCA5
Added Pin To Net: NetName=VCCA25 Pin=C2-1
Added Pin To Net: NetName=VCCA25 Pin=C3-1
Added Pin To Net: NetName=VCCA25 Pin=C4-1
Added Pin To Net: NetName=VCCA25 Pin=C5-1
Added Pin To Net: NetName=VCCA25 Pin=C24-1
Added Pin To Net: NetName=VCCA25 Pin=R24-1
Added Pin To Net: NetName=VCCA25 Pin=U2-3
Added Pin To Net: NetName=VCCA25 Pin=U2-58
Added Pin To Net: NetName=VCCA25 Pin=U2-123
Added Pin To Net: NetName=VCCA25 Pin=U2-178
Added Pin To Net: NetName=VCCA25 Pin=U11-2
Added Net: Name=VCCA25
Added Member To Class: ClassName=fpga_sch Member=Component C51 Cap2
Added Member To Class: ClassName=fpga_sch Member=Component C52 Cap2
Added Member To Class: ClassName=fpga_sch Member=Component C53 Cap2
Added Member To Class: ClassName=fpga_sch Member=Component C54 Cap Pol3
Added Member To Class: ClassName=fpga_sch Member=Component J4 PS_CONN
Added Member To Class: ClassName=fpga_sch Member=Component R26 Res3
Added Member To Class: ClassName=fpga_sch Member=Component R27 Res3
Added Member To Class: ClassName=fpga_sch Member=Component U11 TLV1117-ADJ
Added Member To Class: ClassName=fpga_sch Member=Component U12 TLV1117-ADJ
Added Member To Class: ClassName=fpga_sch Member=Component U13 TLV1117-33
Added Room: Name=analog_frontend
Added Room: Name=fpga_sch
Added Room: Name=sram_rom
Added Room: Name=user_input
