Removed Pin From Net: NetName=VCC+12 Pin=C62-1
Removed Pin From Net: NetName=VCC+12 Pin=C63-1
Removed Pin From Net: NetName=VCC33 Pin=C66-1
Removed Pin From Net: NetName=VCC33 Pin=C67-1
Removed Pin From Net: NetName=NetR5_1 Pin=R5-1
Removed Pin From Net: NetName=AGND Pin=R5-2
Removed Pin From Net: NetName=NetR6_1 Pin=R6-1
Removed Pin From Net: NetName=AGND Pin=R6-2
Removed Pin From Net: NetName=VCCA Pin=R7-1
Removed Pin From Net: NetName=NetJ1_10 Pin=R7-2
Removed Pin From Net: NetName=VCCA Pin=R8-1
Removed Pin From Net: NetName=NetJ1_5 Pin=R8-2
Removed Pin From Net: NetName=NetR19_1 Pin=R19-1
Removed Pin From Net: NetName=AGND Pin=R19-2
Removed Pin From Net: NetName=NetR20_1 Pin=R20-1
Removed Pin From Net: NetName=NetR21_1 Pin=R21-1
Removed Pin From Net: NetName=VCC33 Pin=R21-2
Removed Pin From Net: NetName=NetR22_1 Pin=R22-1
Change Component Footprint: Designator=C63 Old Footprint=C0805 New Footprint=CAPC1608L
Change Component Footprint: Designator=C67 Old Footprint=CAPC1608L New Footprint=C0805
Change Component Comment : Designator=C67 Old Comment=Cap2 New Comment=Cap Pol3
Change Component Comment : Designator=C63 Old Comment=Cap Pol3 New Comment=Cap2
Change Component Designator: OldDesignator=C62 NewDesignator=C66
Change Component Designator: OldDesignator=C63 NewDesignator=C67
Change Component Designator: OldDesignator=C66 NewDesignator=C62
Change Component Designator: OldDesignator=C67 NewDesignator=C63
Change Component Designator: OldDesignator=R5 NewDesignator=R7
Change Component Designator: OldDesignator=R6 NewDesignator=R8
Change Component Designator: OldDesignator=R7 NewDesignator=R5
Change Component Designator: OldDesignator=R8 NewDesignator=R6
Change Component Designator: OldDesignator=R19 NewDesignator=R21
Change Component Designator: OldDesignator=R20 NewDesignator=R22
Change Component Designator: OldDesignator=R21 NewDesignator=R19
Change Component Designator: OldDesignator=R22 NewDesignator=R20
Added Pin To Net: NetName=VCC+12 Pin=C62-1
Added Pin To Net: NetName=VCC+12 Pin=C63-1
Added Pin To Net: NetName=VCC33 Pin=C66-1
Added Pin To Net: NetName=VCC33 Pin=C67-1
Added Pin To Net: NetName=NetR5_1 Pin=R5-1
Added Pin To Net: NetName=AGND Pin=R5-2
Added Pin To Net: NetName=NetR6_1 Pin=R6-1
Added Pin To Net: NetName=AGND Pin=R6-2
Added Pin To Net: NetName=VCCA Pin=R7-1
Added Pin To Net: NetName=NetJ1_10 Pin=R7-2
Added Pin To Net: NetName=VCCA Pin=R8-1
Added Pin To Net: NetName=NetJ1_5 Pin=R8-2
Added Pin To Net: NetName=NetR19_1 Pin=R19-1
Added Pin To Net: NetName=AGND Pin=R19-2
Added Pin To Net: NetName=NetR20_1 Pin=R20-1
Added Pin To Net: NetName=NetR21_1 Pin=R21-1
Added Pin To Net: NetName=VCC33 Pin=R21-2
Added Pin To Net: NetName=NetR22_1 Pin=R22-1
Added Member To Class: ClassName=fpga_sch Member=Component R7 Res3
Added Member To Class: ClassName=fpga_sch Member=Component R8 Res3
Added Member To Class: ClassName=fpga_sch Member=Component R21 Res3
Added Member To Class: ClassName=fpga_sch Member=Component R22 Res3
