Removed Pin From Net: NetName=VA6 Pin=U1-26
Removed Pin From Net: NetName=VA5 Pin=U1-27
Removed Pin From Net: NetName=VA4 Pin=U1-29
Removed Pin From Net: NetName=VA3 Pin=U1-30
Removed Pin From Net: NetName=VA2 Pin=U1-32
Removed Pin From Net: NetName=VA1 Pin=U1-33
Removed Pin From Net: NetName=VA0 Pin=U1-35
Removed Pin From Net: NetName=SCLK Pin=U1-36
Removed Pin From Net: NetName=TRG Pin=U1-37
Removed Pin From Net: NetName=CAS Pin=U1-38
Removed Pin From Net: NetName=RAS Pin=U1-40
Removed Pin From Net: NetName=WELU Pin=U1-41
Removed Pin From Net: NetName=VSYNC Pin=U1-43
Removed Pin From Net: NetName=HSYNC Pin=U1-44
Removed Pin From Net: NetName=DISP Pin=U1-46
Removed Pin From Net: NetName=DCLK Pin=U1-47
Removed Pin From Net: NetName=VA8 Pin=U7-46
Removed Pin From Net: NetName=VA7 Pin=U7-47
Added Pin To Net: NetName=DISP Pin=U1-26
Added Pin To Net: NetName=DCLK Pin=U1-27
Added Pin To Net: NetName=TRG Pin=U1-29
Added Pin To Net: NetName=SCLK Pin=U1-30
Added Pin To Net: NetName=WELU Pin=U1-32
Added Pin To Net: NetName=CAS Pin=U1-33
Added Pin To Net: NetName=RAS Pin=U1-35
Added Pin To Net: NetName=VA8 Pin=U1-36
Added Pin To Net: NetName=VA0 Pin=U1-37
Added Pin To Net: NetName=VA7 Pin=U1-38
Added Pin To Net: NetName=VA1 Pin=U1-40
Added Pin To Net: NetName=VA6 Pin=U1-41
Added Pin To Net: NetName=VA5 Pin=U1-43
Added Pin To Net: NetName=VA2 Pin=U1-44
Added Pin To Net: NetName=VA4 Pin=U1-46
Added Pin To Net: NetName=VA3 Pin=U1-47
Added Pin To Net: NetName=VSYNC Pin=U7-46
Added Pin To Net: NetName=HSYNC Pin=U7-47
Added Member To Class: ClassName=vram Member=Component U20 MSM5416283
