Removed Pin From Net: NetName=IO51 Pin=U1-1
Removed Pin From Net: NetName=NetR5_1 Pin=U1-24
Removed Pin From Net: NetName=NetR6_1 Pin=U1-25
Removed Pin From Net: NetName=/CAS Pin=U1-26
Removed Pin From Net: NetName=/RAS Pin=U1-27
Removed Pin From Net: NetName=DE Pin=U1-29
Removed Pin From Net: NetName=VSYNC Pin=U1-30
Removed Pin From Net: NetName=HSYNC Pin=U1-32
Removed Pin From Net: NetName=DISP Pin=U1-33
Removed Pin From Net: NetName=DCLK Pin=U1-35
Removed Pin From Net: NetName=PIN38 Pin=U1-36
Removed Pin From Net: NetName=PIN28 Pin=U1-37
Removed Pin From Net: NetName=PIN29 Pin=U1-38
Removed Pin From Net: NetName=PIN30 Pin=U1-40
Removed Pin From Net: NetName=PIN31 Pin=U1-41
Removed Pin From Net: NetName=PIN32 Pin=U1-43
Removed Pin From Net: NetName=PIN33 Pin=U1-44
Removed Pin From Net: NetName=PIN34 Pin=U1-46
Removed Pin From Net: NetName=PIN35 Pin=U1-47
Removed Pin From Net: NetName=IO52 Pin=U1-48
Removed Pin From Net: NetName=NetR3_1 Pin=U7-1
Removed Pin From Net: NetName=IO55 Pin=U7-24
Removed Pin From Net: NetName=IO56 Pin=U7-25
Removed Pin From Net: NetName=PIN20 Pin=U7-26
Removed Pin From Net: NetName=PIN21 Pin=U7-27
Removed Pin From Net: NetName=PIN22 Pin=U7-29
Removed Pin From Net: NetName=PIN23 Pin=U7-30
Removed Pin From Net: NetName=PIN24 Pin=U7-32
Removed Pin From Net: NetName=PIN25 Pin=U7-33
Removed Pin From Net: NetName=PIN26 Pin=U7-35
Removed Pin From Net: NetName=PIN27 Pin=U7-36
Removed Pin From Net: NetName=PENIRQ Pin=U7-37
Removed Pin From Net: NetName=SW0 Pin=U7-38
Removed Pin From Net: NetName=SW1 Pin=U7-40
Removed Pin From Net: NetName=SW2 Pin=U7-41
Removed Pin From Net: NetName=SW3 Pin=U7-43
Removed Pin From Net: NetName=SW4 Pin=U7-44
Removed Pin From Net: NetName=ROT0 Pin=U7-46
Removed Pin From Net: NetName=ROT1 Pin=U7-47
Removed Pin From Net: NetName=NetR4_1 Pin=U7-48
Added Pin To Net: NetName=NetR5_1 Pin=U1-1
Added Pin To Net: NetName=IO51 Pin=U1-24
Added Pin To Net: NetName=IO52 Pin=U1-25
Added Pin To Net: NetName=PIN28 Pin=U1-26
Added Pin To Net: NetName=PIN29 Pin=U1-27
Added Pin To Net: NetName=PIN30 Pin=U1-29
Added Pin To Net: NetName=PIN31 Pin=U1-30
Added Pin To Net: NetName=PIN32 Pin=U1-32
Added Pin To Net: NetName=PIN33 Pin=U1-33
Added Pin To Net: NetName=PIN34 Pin=U1-35
Added Pin To Net: NetName=PIN35 Pin=U1-36
Added Pin To Net: NetName=/CAS Pin=U1-37
Added Pin To Net: NetName=/RAS Pin=U1-38
Added Pin To Net: NetName=DE Pin=U1-40
Added Pin To Net: NetName=VSYNC Pin=U1-41
Added Pin To Net: NetName=HSYNC Pin=U1-43
Added Pin To Net: NetName=DISP Pin=U1-44
Added Pin To Net: NetName=DCLK Pin=U1-46
Added Pin To Net: NetName=PIN38 Pin=U1-47
Added Pin To Net: NetName=NetR6_1 Pin=U1-48
Added Pin To Net: NetName=IO55 Pin=U7-1
Added Pin To Net: NetName=NetR3_1 Pin=U7-24
Added Pin To Net: NetName=NetR4_1 Pin=U7-25
Added Pin To Net: NetName=PENIRQ Pin=U7-26
Added Pin To Net: NetName=SW0 Pin=U7-27
Added Pin To Net: NetName=SW1 Pin=U7-29
Added Pin To Net: NetName=SW2 Pin=U7-30
Added Pin To Net: NetName=SW3 Pin=U7-32
Added Pin To Net: NetName=SW4 Pin=U7-33
Added Pin To Net: NetName=ROT0 Pin=U7-35
Added Pin To Net: NetName=ROT1 Pin=U7-36
Added Pin To Net: NetName=PIN20 Pin=U7-37
Added Pin To Net: NetName=PIN21 Pin=U7-38
Added Pin To Net: NetName=PIN22 Pin=U7-40
Added Pin To Net: NetName=PIN23 Pin=U7-41
Added Pin To Net: NetName=PIN24 Pin=U7-43
Added Pin To Net: NetName=PIN25 Pin=U7-44
Added Pin To Net: NetName=PIN26 Pin=U7-46
Added Pin To Net: NetName=PIN27 Pin=U7-47
Added Pin To Net: NetName=IO56 Pin=U7-48
