Removed Pin From Net: NetName=NetR11_1 Pin=U3-1
Removed Pin From Net: NetName=IO55 Pin=U3-2
Removed Pin From Net: NetName=IO52 Pin=U3-3
Removed Pin From Net: NetName=IO51 Pin=U3-5
Removed Pin From Net: NetName=IO50 Pin=U3-6
Removed Pin From Net: NetName=IO49 Pin=U3-8
Removed Pin From Net: NetName=IO46 Pin=U3-9
Removed Pin From Net: NetName=IO45 Pin=U3-11
Removed Pin From Net: NetName=IO44 Pin=U3-12
Removed Pin From Net: NetName=IO43 Pin=U3-13
Removed Pin From Net: NetName=IO41 Pin=U3-14
Removed Pin From Net: NetName=IO39 Pin=U3-16
Removed Pin From Net: NetName=IO38 Pin=U3-17
Removed Pin From Net: NetName=IO37 Pin=U3-19
Removed Pin From Net: NetName=IO21 Pin=U3-20
Removed Pin From Net: NetName=IO18 Pin=U3-22
Removed Pin From Net: NetName=IO13 Pin=U3-23
Removed Pin From Net: NetName=IO56 Pin=U3-24
Removed Pin From Net: NetName=IO9 Pin=U3-25
Removed Pin From Net: NetName=PIN22 Pin=U3-26
Removed Pin From Net: NetName=PIN23 Pin=U3-27
Removed Pin From Net: NetName=PIN24 Pin=U3-29
Removed Pin From Net: NetName=PIN25 Pin=U3-30
Removed Pin From Net: NetName=PIN26 Pin=U3-32
Removed Pin From Net: NetName=PIN27 Pin=U3-33
Removed Pin From Net: NetName=PIN28 Pin=U3-35
Removed Pin From Net: NetName=PIN29 Pin=U3-36
Removed Pin From Net: NetName=SIG7 Pin=U3-37
Removed Pin From Net: NetName=SIG6 Pin=U3-38
Removed Pin From Net: NetName=SIG5 Pin=U3-40
Removed Pin From Net: NetName=SIG4 Pin=U3-41
Removed Pin From Net: NetName=SIG3 Pin=U3-43
Removed Pin From Net: NetName=SIG2 Pin=U3-44
Removed Pin From Net: NetName=SIG1 Pin=U3-46
Removed Pin From Net: NetName=SIG0 Pin=U3-47
Removed Pin From Net: NetName=NetR12_1 Pin=U3-48
Added Pin To Net: NetName=IO55 Pin=U3-1
Added Pin To Net: NetName=IO52 Pin=U3-2
Added Pin To Net: NetName=IO51 Pin=U3-3
Added Pin To Net: NetName=IO50 Pin=U3-5
Added Pin To Net: NetName=IO49 Pin=U3-6
Added Pin To Net: NetName=IO46 Pin=U3-8
Added Pin To Net: NetName=IO45 Pin=U3-9
Added Pin To Net: NetName=IO44 Pin=U3-11
Added Pin To Net: NetName=IO43 Pin=U3-12
Added Pin To Net: NetName=IO41 Pin=U3-13
Added Pin To Net: NetName=IO39 Pin=U3-14
Added Pin To Net: NetName=IO38 Pin=U3-16
Added Pin To Net: NetName=IO37 Pin=U3-17
Added Pin To Net: NetName=IO21 Pin=U3-19
Added Pin To Net: NetName=IO18 Pin=U3-20
Added Pin To Net: NetName=IO13 Pin=U3-22
Added Pin To Net: NetName=IO9 Pin=U3-23
Added Pin To Net: NetName=NetR11_1 Pin=U3-24
Added Pin To Net: NetName=NetR12_1 Pin=U3-25
Added Pin To Net: NetName=SIG7 Pin=U3-26
Added Pin To Net: NetName=SIG6 Pin=U3-27
Added Pin To Net: NetName=SIG5 Pin=U3-29
Added Pin To Net: NetName=SIG4 Pin=U3-30
Added Pin To Net: NetName=SIG3 Pin=U3-32
Added Pin To Net: NetName=SIG2 Pin=U3-33
Added Pin To Net: NetName=SIG1 Pin=U3-35
Added Pin To Net: NetName=SIG0 Pin=U3-36
Added Pin To Net: NetName=PIN22 Pin=U3-37
Added Pin To Net: NetName=PIN23 Pin=U3-38
Added Pin To Net: NetName=PIN24 Pin=U3-40
Added Pin To Net: NetName=PIN25 Pin=U3-41
Added Pin To Net: NetName=PIN26 Pin=U3-43
Added Pin To Net: NetName=PIN27 Pin=U3-44
Added Pin To Net: NetName=PIN28 Pin=U3-46
Added Pin To Net: NetName=PIN29 Pin=U3-47
Added Pin To Net: NetName=IO56 Pin=U3-48
