Removed Pin From Net: NetName=VCC+12 Pin=C68-1
Removed Pin From Net: NetName=VCC+12 Pin=L1-1
Removed Pin From Net: NetName=VCC+12 Pin=R58-1
Removed Pin From Net: NetName=NetC69_2 Pin=R59-2
Removed Pin From Net: NetName=VCC+12 Pin=U19-5
Change Component Footprint: Designator=L1 Old Footprint=INDC2012M New Footprint=lsdr0703
Added Component: Designator=C98(CAPC3216N)
Added Component: Designator=C99(CAPC3216N)
Added Component: Designator=C100(CAPC3216N)
Added Component: Designator=P2(HDR1X5)
Added Component: Designator=R76(RESC1608N)
Added Pin To Net: NetName=VCC5 Pin=C68-1
Added Pin To Net: NetName=VCC+12 Pin=C98-1
Added Pin To Net: NetName=PIN30 Pin=C98-2
Added Pin To Net: NetName=PIN30 Pin=C99-1
Added Pin To Net: NetName=VCC-12 Pin=C99-2
Added Pin To Net: NetName=VCC5 Pin=C100-1
Added Pin To Net: NetName=PIN30 Pin=C100-2
Added Pin To Net: NetName=VCC5 Pin=L1-1
Added Pin To Net: NetName=NetJP1_3 Pin=P2-1
Added Pin To Net: NetName=NetJP5_1 Pin=P2-2
Added Pin To Net: NetName=VCC+12 Pin=P2-3
Added Pin To Net: NetName=VCC-12 Pin=P2-4
Added Pin To Net: NetName=PIN30 Pin=P2-5
Added Pin To Net: NetName=VCC5 Pin=R58-1
Added Pin To Net: NetName=NetC69_2 Pin=R76-2
Added Pin To Net: NetName=VCC5 Pin=U19-5
Added Pin To Net: NetName=NetR59_2 Pin=R59-2
Added Pin To Net: NetName=NetR59_2 Pin=R76-1
Added Net: Name=NetR59_2
Added Member To Class: ClassName=fpga_sch Member=Component C98 Cap Pol1
Added Member To Class: ClassName=fpga_sch Member=Component C99 Cap Pol1
Added Member To Class: ClassName=analog_frontend Member=Component C100 Cap Pol3
Added Member To Class: ClassName=analog_frontend Member=Component P2 Header 5
Added Member To Class: ClassName=vram Member=Component R76 Res3
