Removed Pin From Net: NetName=VCC-12 Pin=C64-1
Removed Pin From Net: NetName=GND Pin=C64-2
Removed Pin From Net: NetName=VCC-12 Pin=C65-1
Removed Pin From Net: NetName=GND Pin=C65-2
Removed Pin From Net: NetName=VCC33 Pin=C66-1
Removed Pin From Net: NetName=GND Pin=C66-2
Removed Pin From Net: NetName=VCC33 Pin=C67-1
Removed Pin From Net: NetName=GND Pin=C67-2
Added Component: Designator=C66(CAPC1608L)
Added Component: Designator=C67(CAPC1608L)
Added Pin To Net: NetName=VCC5 Pin=C58-1
Added Pin To Net: NetName=GND Pin=C58-2
Added Pin To Net: NetName=GND Pin=C59-2
Added Pin To Net: NetName=GND Pin=C60-2
Added Pin To Net: NetName=GND Pin=C61-2
Added Pin To Net: NetName=GND Pin=C64-1
Added Pin To Net: NetName=VCC-12 Pin=C64-2
Added Pin To Net: NetName=GND Pin=C65-1
Added Pin To Net: NetName=VCC-12 Pin=C65-2
Added Pin To Net: NetName=VCC33 Pin=C66-1
Added Pin To Net: NetName=GND Pin=C66-2
Added Pin To Net: NetName=VCC33 Pin=C67-1
Added Pin To Net: NetName=GND Pin=C67-2
Added Pin To Net: NetName=GND Pin=P1-2
Added Pin To Net: NetName=GND Pin=P2-2
Added Pin To Net: NetName=GND Pin=P2-2
Added Pin To Net: NetName=GND Pin=P2-2
Added Pin To Net: NetName=GND Pin=R33-1
Added Pin To Net: NetName=VCC5 Pin=R34-1
Added Pin To Net: NetName=GND Pin=R41-1
Added Pin To Net: NetName=GND Pin=U2-2
Added Pin To Net: NetName=GND Pin=U2-59
Added Pin To Net: NetName=GND Pin=U2-122
Added Pin To Net: NetName=GND Pin=U2-179
Added Pin To Net: NetName=GND Pin=U16-18
Added Pin To Net: NetName=VCC5 Pin=U16-19
Change Net Name : Old Net Name=GND New Net Name=AGND
