Change Component Footprint: Designator=C2 Old Footprint=CAPC1608M New Footprint=CAPC1608L
Change Component Footprint: Designator=C3 Old Footprint=CAPC1608M New Footprint=CAPC1608L
Change Component Footprint: Designator=C4 Old Footprint=CAPC1608M New Footprint=CAPC1608L
Change Component Footprint: Designator=C5 Old Footprint=CAPC1608M New Footprint=CAPC1608L
Change Component Footprint: Designator=C6 Old Footprint=CAPC1608M New Footprint=CAPC1608L
Change Component Footprint: Designator=C7 Old Footprint=CAPC1608M New Footprint=CAPC1608L
Change Component Footprint: Designator=C8 Old Footprint=CAPC1608M New Footprint=CAPC1608L
Change Component Footprint: Designator=C9 Old Footprint=CAPC1608M New Footprint=CAPC1608L
Change Component Footprint: Designator=C10 Old Footprint=CAPC1608M New Footprint=CAPC1608L
Change Component Footprint: Designator=C11 Old Footprint=CAPC1608M New Footprint=CAPC1608L
Change Component Footprint: Designator=C12 Old Footprint=CAPC1608M New Footprint=CAPC1608L
Change Component Footprint: Designator=C13 Old Footprint=CAPC1608M New Footprint=CAPC1608L
Change Component Footprint: Designator=C14 Old Footprint=CAPC1608M New Footprint=CAPC1608L
Change Component Footprint: Designator=C15 Old Footprint=CAPC1608M New Footprint=CAPC1608L
Change Component Footprint: Designator=C16 Old Footprint=CAPC1608M New Footprint=CAPC1608L
Change Component Footprint: Designator=C17 Old Footprint=CAPC1608M New Footprint=CAPC1608L
Change Component Footprint: Designator=C18 Old Footprint=CAPC1608M New Footprint=CAPC1608L
Change Component Footprint: Designator=C19 Old Footprint=CAPC1608M New Footprint=CAPC1608L
Change Component Footprint: Designator=C20 Old Footprint=CAPC1608M New Footprint=CAPC1608L
Change Component Footprint: Designator=C21 Old Footprint=CAPC1608M New Footprint=CAPC1608L
Change Component Footprint: Designator=C22 Old Footprint=CAPC1608M New Footprint=CAPC1608L
Change Component Footprint: Designator=C23 Old Footprint=CAPC1608M New Footprint=CAPC1608L
Change Component Footprint: Designator=C26 Old Footprint=CAPC1608M New Footprint=CAPC1608L
Change Component Footprint: Designator=C27 Old Footprint=CAPC1608M New Footprint=CAPC1608L
Change Component Footprint: Designator=C28 Old Footprint=CAPC1608M New Footprint=CAPC1608L
Change Component Footprint: Designator=C29 Old Footprint=CAPC1608M New Footprint=CAPC1608L
Change Component Footprint: Designator=C30 Old Footprint=CAPC1608M New Footprint=CAPC1608L
Change Component Footprint: Designator=C31 Old Footprint=CAPC1608M New Footprint=CAPC1608L
Change Component Footprint: Designator=C32 Old Footprint=CAPC1608M New Footprint=CAPC1608L
Change Component Footprint: Designator=C33 Old Footprint=CAPC1608M New Footprint=CAPC1608L
Change Component Footprint: Designator=C34 Old Footprint=CAPC1608M New Footprint=CAPC1608L
Change Component Footprint: Designator=C35 Old Footprint=CAPC1608M New Footprint=CAPC1608L
Change Component Footprint: Designator=C36 Old Footprint=CAPC1608M New Footprint=CAPC1608L
Change Component Footprint: Designator=C37 Old Footprint=CAPC1608M New Footprint=CAPC1608L
Change Component Footprint: Designator=C38 Old Footprint=CAPC1608M New Footprint=CAPC1608L
Change Component Footprint: Designator=C39 Old Footprint=CAPC1608M New Footprint=CAPC1608L
Change Component Footprint: Designator=C40 Old Footprint=CAPC1608M New Footprint=CAPC1608L
Change Component Footprint: Designator=C41 Old Footprint=CAPC1608M New Footprint=CAPC1608L
Change Component Footprint: Designator=C42 Old Footprint=CAPC1608M New Footprint=CAPC1608L
Change Component Footprint: Designator=C43 Old Footprint=CAPC1608M New Footprint=CAPC1608L
Change Component Footprint: Designator=C44 Old Footprint=CAPC1608M New Footprint=CAPC1608L
Change Component Footprint: Designator=C45 Old Footprint=CAPC1608M New Footprint=CAPC1608L
Change Component Footprint: Designator=C46 Old Footprint=CAPC1608M New Footprint=CAPC1608L
Change Component Footprint: Designator=C47 Old Footprint=CAPC1608M New Footprint=CAPC1608L
Change Component Footprint: Designator=C48 Old Footprint=CAPC1608M New Footprint=CAPC1608L
Change Component Footprint: Designator=C49 Old Footprint=CAPC1608M New Footprint=CAPC1608L
Change Component Footprint: Designator=C50 Old Footprint=CAPC1608M New Footprint=CAPC1608L
Change Component Footprint: Designator=C51 Old Footprint=CAPC1608M New Footprint=CAPC1608L
Change Component Footprint: Designator=C52 Old Footprint=CAPC1608M New Footprint=CAPC1608L
Change Component Footprint: Designator=C53 Old Footprint=CAPC1608M New Footprint=CAPC1608L
Change Component Footprint: Designator=C55 Old Footprint=CAPC1608M New Footprint=CAPC1608L
Change Component Footprint: Designator=C56 Old Footprint=CAPC1608M New Footprint=CAPC1608L
Change Component Footprint: Designator=C57 Old Footprint=CAPC1608M New Footprint=CAPC1608L
Change Component Footprint: Designator=C58 Old Footprint=CAPC1608M New Footprint=CAPC1608L
Change Component Footprint: Designator=C59 Old Footprint=CAPC1608M New Footprint=CAPC1608L
Change Component Footprint: Designator=C60 Old Footprint=CAPC1608M New Footprint=CAPC1608L
Change Component Footprint: Designator=C61 Old Footprint=CAPC1608M New Footprint=CAPC1608L
Change Component Footprint: Designator=C62 Old Footprint=CAPC1608M New Footprint=CAPC1608L
Change Component Footprint: Designator=C64 Old Footprint=CAPC1608M New Footprint=CAPC1608L
Change Component Footprint: Designator=C66 Old Footprint=CAPC1608M New Footprint=CAPC1608L
Change Component Footprint: Designator=C67 Old Footprint=CAPC1608M New Footprint=CAPC1608L
Change Component Footprint: Designator=C68 Old Footprint=CAPC1608M New Footprint=CAPC1608L
Change Component Footprint: Designator=C70 Old Footprint=CAPC1608M New Footprint=CAPC1608L
Change Component Footprint: Designator=C71 Old Footprint=CAPC1608M New Footprint=CAPC1608L
Change Component Footprint: Designator=C72 Old Footprint=CAPC1608M New Footprint=CAPC1608L
Change Component Footprint: Designator=C73 Old Footprint=CAPC1608M New Footprint=CAPC1608L
Change Component Footprint: Designator=C74 Old Footprint=CAPC1608M New Footprint=CAPC1608L
Change Component Footprint: Designator=C75 Old Footprint=CAPC1608M New Footprint=CAPC1608L
Change Component Footprint: Designator=C76 Old Footprint=CAPC1608M New Footprint=CAPC1608L
Change Component Footprint: Designator=C77 Old Footprint=CAPC1608M New Footprint=CAPC1608L
Change Component Footprint: Designator=C78 Old Footprint=CAPC1608M New Footprint=CAPC1608L
Change Component Footprint: Designator=C79 Old Footprint=CAPC1608M New Footprint=CAPC1608L
Change Component Footprint: Designator=C80 Old Footprint=CAPC1608M New Footprint=CAPC1608L
Change Component Footprint: Designator=C81 Old Footprint=CAPC1608M New Footprint=CAPC1608L
Change Component Footprint: Designator=C82 Old Footprint=CAPC1608M New Footprint=CAPC1608L
Change Component Footprint: Designator=C83 Old Footprint=CAPC1608M New Footprint=CAPC1608L
Change Component Footprint: Designator=C84 Old Footprint=CAPC1608M New Footprint=CAPC1608L
Change Component Footprint: Designator=C85 Old Footprint=CAPC1608M New Footprint=CAPC1608L
Change Component Footprint: Designator=C86 Old Footprint=CAPC1608M New Footprint=CAPC1608L
Change Component Footprint: Designator=C87 Old Footprint=CAPC1608M New Footprint=CAPC1608L
Change Component Footprint: Designator=C88 Old Footprint=CAPC1608M New Footprint=CAPC1608L
Change Component Footprint: Designator=C89 Old Footprint=CAPC1608M New Footprint=CAPC1608L
Change Component Footprint: Designator=C90 Old Footprint=CAPC1608M New Footprint=CAPC1608L
Change Component Footprint: Designator=C91 Old Footprint=CAPC1608M New Footprint=CAPC1608L
Change Component Footprint: Designator=C92 Old Footprint=CAPC1608M New Footprint=CAPC1608L
Change Component Footprint: Designator=C93 Old Footprint=CAPC1608M New Footprint=CAPC1608L
Change Component Footprint: Designator=C94 Old Footprint=CAPC1608M New Footprint=CAPC1608L
Change Component Footprint: Designator=C69 Old Footprint=CAPC2012M New Footprint=CAPC2012N
Change Component Footprint: Designator=C1 Old Footprint=CAPC3225M New Footprint=CAPC3225N
Change Component Footprint: Designator=R1 Old Footprint=RESC1608M New Footprint=RESC1608N
Change Component Footprint: Designator=R2 Old Footprint=RESC1608M New Footprint=RESC1608N
Change Component Footprint: Designator=R3 Old Footprint=RESC1608M New Footprint=RESC1608N
Change Component Footprint: Designator=R4 Old Footprint=RESC1608M New Footprint=RESC1608N
Change Component Footprint: Designator=R5 Old Footprint=RESC1608M New Footprint=RESC1608N
Change Component Footprint: Designator=R6 Old Footprint=RESC1608M New Footprint=RESC1608N
Change Component Footprint: Designator=R7 Old Footprint=RESC1608M New Footprint=RESC1608N
Change Component Footprint: Designator=R8 Old Footprint=RESC1608M New Footprint=RESC1608N
Change Component Footprint: Designator=R9 Old Footprint=RESC1608M New Footprint=RESC1608N
Change Component Footprint: Designator=R10 Old Footprint=RESC1608M New Footprint=RESC1608N
Change Component Footprint: Designator=R11 Old Footprint=RESC1608M New Footprint=RESC1608N
Change Component Footprint: Designator=R12 Old Footprint=RESC1608M New Footprint=RESC1608N
Change Component Footprint: Designator=R13 Old Footprint=RESC1608M New Footprint=RESC1608N
Change Component Footprint: Designator=R14 Old Footprint=RESC1608M New Footprint=RESC1608N
Change Component Footprint: Designator=R15 Old Footprint=RESC1608M New Footprint=RESC1608N
Change Component Footprint: Designator=R16 Old Footprint=RESC1608M New Footprint=RESC1608N
Change Component Footprint: Designator=R17 Old Footprint=RESC1608M New Footprint=RESC1608N
Change Component Footprint: Designator=R18 Old Footprint=RESC1608M New Footprint=RESC1608N
Change Component Footprint: Designator=R19 Old Footprint=RESC1608M New Footprint=RESC1608N
Change Component Footprint: Designator=R20 Old Footprint=RESC1608M New Footprint=RESC1608N
Change Component Footprint: Designator=R21 Old Footprint=RESC1608M New Footprint=RESC1608N
Change Component Footprint: Designator=R22 Old Footprint=RESC1608M New Footprint=RESC1608N
Change Component Footprint: Designator=R23 Old Footprint=RESC1608M New Footprint=RESC1608N
Change Component Footprint: Designator=R24 Old Footprint=RESC1608M New Footprint=RESC1608N
Change Component Footprint: Designator=R25 Old Footprint=RESC1608M New Footprint=RESC1608N
Change Component Footprint: Designator=R26 Old Footprint=RESC1608M New Footprint=RESC1608N
Change Component Footprint: Designator=R27 Old Footprint=RESC1608M New Footprint=RESC1608N
Change Component Footprint: Designator=R28 Old Footprint=RESC1608M New Footprint=RESC1608N
Change Component Footprint: Designator=R29 Old Footprint=RESC1608M New Footprint=RESC1608N
Change Component Footprint: Designator=R30 Old Footprint=RESC1608M New Footprint=RESC1608N
Change Component Footprint: Designator=R31 Old Footprint=RESC1608M New Footprint=RESC1608N
Change Component Footprint: Designator=R32 Old Footprint=RESC1608M New Footprint=RESC1608N
Change Component Footprint: Designator=R33 Old Footprint=RESC1608M New Footprint=RESC1608N
Change Component Footprint: Designator=R34 Old Footprint=RESC1608M New Footprint=RESC1608N
Change Component Footprint: Designator=R35 Old Footprint=RESC1608M New Footprint=RESC1608N
Change Component Footprint: Designator=R36 Old Footprint=RESC1608M New Footprint=RESC1608N
Change Component Footprint: Designator=R37 Old Footprint=RESC1608M New Footprint=RESC1608N
Change Component Footprint: Designator=R38 Old Footprint=RESC1608M New Footprint=RESC1608N
Change Component Footprint: Designator=R39 Old Footprint=RESC1608M New Footprint=RESC1608N
Change Component Footprint: Designator=R40 Old Footprint=RESC1608M New Footprint=RESC1608N
Change Component Footprint: Designator=R41 Old Footprint=RESC1608M New Footprint=RESC1608N
Change Component Footprint: Designator=R42 Old Footprint=RESC1608M New Footprint=RESC1608N
Change Component Footprint: Designator=R43 Old Footprint=RESC1608M New Footprint=RESC1608N
Change Component Footprint: Designator=R44 Old Footprint=RESC1608M New Footprint=RESC1608N
Change Component Footprint: Designator=R45 Old Footprint=RESC1608M New Footprint=RESC1608N
Change Component Footprint: Designator=R46 Old Footprint=RESC1608M New Footprint=RESC1608N
Change Component Footprint: Designator=R47 Old Footprint=RESC1608M New Footprint=RESC1608N
Change Component Footprint: Designator=R48 Old Footprint=RESC1608M New Footprint=RESC1608N
Change Component Footprint: Designator=R49 Old Footprint=RESC1608M New Footprint=RESC1608N
Change Component Footprint: Designator=R50 Old Footprint=RESC1608M New Footprint=RESC1608N
Change Component Footprint: Designator=R51 Old Footprint=RESC1608M New Footprint=RESC1608N
Change Component Footprint: Designator=R52 Old Footprint=RESC1608M New Footprint=RESC1608N
Change Component Footprint: Designator=R53 Old Footprint=RESC1608M New Footprint=RESC1608N
Change Component Footprint: Designator=R54 Old Footprint=RESC1608M New Footprint=RESC1608N
Change Component Footprint: Designator=R55 Old Footprint=RESC1608M New Footprint=RESC1608N
Change Component Footprint: Designator=R56 Old Footprint=RESC1608M New Footprint=RESC1608N
Change Component Footprint: Designator=R57 Old Footprint=RESC1608M New Footprint=RESC1608N
Change Component Footprint: Designator=R58 Old Footprint=RESC1608M New Footprint=RESC1608N
Change Component Footprint: Designator=R59 Old Footprint=RESC1608M New Footprint=RESC1608N
Change Component Footprint: Designator=R60 Old Footprint=RESC1608M New Footprint=RESC1608N
Change Component Footprint: Designator=R61 Old Footprint=RESC1608M New Footprint=RESC1608N
Change Component Footprint: Designator=R62 Old Footprint=RESC1608M New Footprint=RESC1608N
Change Component Footprint: Designator=R63 Old Footprint=RESC1608M New Footprint=RESC1608N
Change Component Footprint: Designator=R64 Old Footprint=RESC1608M New Footprint=RESC1608N
Change Component Footprint: Designator=R65 Old Footprint=RESC1608M New Footprint=RESC1608N
Change Component Footprint: Designator=R66 Old Footprint=RESC1608M New Footprint=RESC1608N
Change Component Footprint: Designator=R67 Old Footprint=RESC1608M New Footprint=RESC1608N
Change Component Footprint: Designator=R68 Old Footprint=RESC1608M New Footprint=RESC1608N
Change Component Footprint: Designator=R69 Old Footprint=RESC1608M New Footprint=RESC1608N
Change Component Footprint: Designator=R70 Old Footprint=RESC1608M New Footprint=RESC1608N
Change Component Footprint: Designator=R71 Old Footprint=RESC1608M New Footprint=RESC1608N
Change Component Footprint: Designator=R72 Old Footprint=RESC1608M New Footprint=RESC1608N
Change Component Footprint: Designator=R73 Old Footprint=RESC1608M New Footprint=RESC1608N
Change Component Footprint: Designator=R74 Old Footprint=RESC1608M New Footprint=RESC1608N
Change Component Footprint: Designator=R75 Old Footprint=RESC1608M New Footprint=RESC1608N
Added Room: Name=analog_frontend
Added Room: Name=fpga_sch
Added Room: Name=sram_rom
Added Room: Name=user_input
Added Room: Name=vram
