Analysis & Elaboration report for sopc_scope
Thu Feb 27 12:54:03 2014
Quartus II 64-Bit Version 13.1.0 Build 162 10/23/2013 SJ Web Edition


---------------------
; Table of Contents ;
---------------------
  1. Legal Notice
  2. Analysis & Elaboration Summary
  3. Parallel Compilation
  4. Analysis & Elaboration IP Cores Summary
  5. Parameter Settings for User Entity Instance: display_ctrl:display_controller|lpm_counter0:b2v_DCLK_cnt|lpm_counter:LPM_COUNTER_component
  6. Parameter Settings for User Entity Instance: display_ctrl:display_controller|lpm_compare1:b2v_HSYNC_cmp|lpm_compare:LPM_COMPARE_component
  7. Parameter Settings for User Entity Instance: display_ctrl:display_controller|lpm_counter2:b2v_HSYNC_cnt|lpm_counter:LPM_COUNTER_component
  8. Parameter Settings for User Entity Instance: display_ctrl:display_controller|lpm_compare5:b2v_SCLK_HSYNC_cmp0|lpm_compare:LPM_COMPARE_component
  9. Parameter Settings for User Entity Instance: display_ctrl:display_controller|lpm_compare6:b2v_SCLK_HSYNC_cmp1|lpm_compare:LPM_COMPARE_component
 10. Parameter Settings for User Entity Instance: display_ctrl:display_controller|lpm_compare3:b2v_SCLK_VSYNC_cmp0|lpm_compare:LPM_COMPARE_component
 11. Parameter Settings for User Entity Instance: display_ctrl:display_controller|lpm_compare4:b2v_SCLK_VSYNC_cmp1|lpm_compare:LPM_COMPARE_component
 12. Parameter Settings for User Entity Instance: display_ctrl:display_controller|lpm_compare2:b2v_UREQ_cmp|lpm_compare:LPM_COMPARE_component
 13. Parameter Settings for User Entity Instance: display_ctrl:display_controller|lpm_compare0:b2v_VSYNC_cmp|lpm_compare:LPM_COMPARE_component
 14. Parameter Settings for User Entity Instance: display_ctrl:display_controller|lpm_counter1:b2v_VSYNC_cnt|lpm_counter:LPM_COUNTER_component
 15. Parameter Settings for User Entity Instance: vram_ctrl:VRAM_controller|lpm_mux0:b2v_addr_mux|LPM_MUX:LPM_MUX_component
 16. Parameter Settings for User Entity Instance: vram_ctrl:VRAM_controller|vram_cnt:b2v_VRAM_addr_cnt|lpm_counter:LPM_COUNTER_component
 17. Analysis & Elaboration Settings
 18. Port Connectivity Checks: "vram_ctrl:VRAM_controller|lpm_mux0:b2v_addr_mux"
 19. Port Connectivity Checks: "display_ctrl:display_controller|lpm_counter0:b2v_DCLK_cnt"
 20. Analysis & Elaboration Messages



----------------
; Legal Notice ;
----------------
Copyright (C) 1991-2013 Altera Corporation
Your use of Altera Corporation's design tools, logic functions 
and other software and tools, and its AMPP partner logic 
functions, and any output files from any of the foregoing 
(including device programming or simulation files), and any 
associated documentation or information are expressly subject 
to the terms and conditions of the Altera Program License 
Subscription Agreement, Altera MegaCore Function License 
Agreement, or other applicable license agreement, including, 
without limitation, that your use is for the sole purpose of 
programming logic devices manufactured by Altera and sold by 
Altera or its authorized distributors.  Please refer to the 
applicable agreement for further details.



+---------------------------------------------------------------------------------+
; Analysis & Elaboration Summary                                                  ;
+------------------------------------+--------------------------------------------+
; Analysis & Elaboration Status      ; Successful - Thu Feb 27 12:54:03 2014      ;
; Quartus II 64-Bit Version          ; 13.1.0 Build 162 10/23/2013 SJ Web Edition ;
; Revision Name                      ; sopc_scope                                 ;
; Top-level Entity Name              ; sopc_scope                                 ;
; Family                             ; Cyclone III                                ;
; Total logic elements               ; N/A until Partition Merge                  ;
;     Total combinational functions  ; N/A until Partition Merge                  ;
;     Dedicated logic registers      ; N/A until Partition Merge                  ;
; Total registers                    ; N/A until Partition Merge                  ;
; Total pins                         ; N/A until Partition Merge                  ;
; Total virtual pins                 ; N/A until Partition Merge                  ;
; Total memory bits                  ; N/A until Partition Merge                  ;
; Embedded Multiplier 9-bit elements ; N/A until Partition Merge                  ;
; Total PLLs                         ; N/A until Partition Merge                  ;
+------------------------------------+--------------------------------------------+


+------------------------------------------+
; Parallel Compilation                     ;
+----------------------------+-------------+
; Processors                 ; Number      ;
+----------------------------+-------------+
; Number detected on machine ; 2           ;
; Maximum allowed            ; 2           ;
;                            ;             ;
; Average used               ; 1.00        ;
; Maximum used               ; 1           ;
;                            ;             ;
; Usage by Processor         ; % Time Used ;
;     Processor 1            ; 100.0%      ;
;     Processor 2            ;   0.0%      ;
+----------------------------+-------------+


+---------------------------------------------------------------------------------------------------------------------------------------------------------------------------------------------------------+
; Analysis & Elaboration IP Cores Summary                                                                                                                                                                 ;
+--------+--------------+---------+--------------+--------------+------------------------------------------------------------------------------+----------------------------------------------------------+
; Vendor ; IP Core Name ; Version ; Release Date ; License Type ; Entity Instance                                                              ; IP Include File                                          ;
+--------+--------------+---------+--------------+--------------+------------------------------------------------------------------------------+----------------------------------------------------------+
; Altera ; LPM_COUNTER  ; 13.1    ; N/A          ; N/A          ; |sopc_scope|display_ctrl:display_controller|lpm_counter0:b2v_DCLK_cnt        ; C:/Users/tago/Dropbox/OUT/EE 52/quartus/lpm_counter0.vhd ;
; Altera ; LPM_COMPARE  ; 13.1    ; N/A          ; N/A          ; |sopc_scope|display_ctrl:display_controller|lpm_compare1:b2v_HSYNC_cmp       ; C:/Users/tago/Dropbox/OUT/EE 52/quartus/lpm_compare1.vhd ;
; Altera ; LPM_COUNTER  ; 13.1    ; N/A          ; N/A          ; |sopc_scope|display_ctrl:display_controller|lpm_counter2:b2v_HSYNC_cnt       ; C:/Users/tago/Dropbox/OUT/EE 52/quartus/lpm_counter2.vhd ;
; Altera ; LPM_COMPARE  ; 13.1    ; N/A          ; N/A          ; |sopc_scope|display_ctrl:display_controller|lpm_compare5:b2v_SCLK_HSYNC_cmp0 ; C:/Users/tago/Dropbox/OUT/EE 52/quartus/lpm_compare5.vhd ;
; Altera ; LPM_COMPARE  ; 13.1    ; N/A          ; N/A          ; |sopc_scope|display_ctrl:display_controller|lpm_compare6:b2v_SCLK_HSYNC_cmp1 ; C:/Users/tago/Dropbox/OUT/EE 52/quartus/lpm_compare6.vhd ;
; Altera ; LPM_COMPARE  ; 13.1    ; N/A          ; N/A          ; |sopc_scope|display_ctrl:display_controller|lpm_compare3:b2v_SCLK_VSYNC_cmp0 ; C:/Users/tago/Dropbox/OUT/EE 52/quartus/lpm_compare3.vhd ;
; Altera ; LPM_COMPARE  ; 13.1    ; N/A          ; N/A          ; |sopc_scope|display_ctrl:display_controller|lpm_compare4:b2v_SCLK_VSYNC_cmp1 ; C:/Users/tago/Dropbox/OUT/EE 52/quartus/lpm_compare4.vhd ;
; Altera ; LPM_COMPARE  ; 13.1    ; N/A          ; N/A          ; |sopc_scope|display_ctrl:display_controller|lpm_compare2:b2v_UREQ_cmp        ; C:/Users/tago/Dropbox/OUT/EE 52/quartus/lpm_compare2.vhd ;
; Altera ; LPM_COMPARE  ; 13.1    ; N/A          ; N/A          ; |sopc_scope|display_ctrl:display_controller|lpm_compare0:b2v_VSYNC_cmp       ; C:/Users/tago/Dropbox/OUT/EE 52/quartus/lpm_compare0.vhd ;
; Altera ; LPM_COUNTER  ; 13.1    ; N/A          ; N/A          ; |sopc_scope|display_ctrl:display_controller|lpm_counter1:b2v_VSYNC_cnt       ; C:/Users/tago/Dropbox/OUT/EE 52/quartus/lpm_counter1.vhd ;
; Altera ; LPM_MUX      ; 13.1    ; N/A          ; N/A          ; |sopc_scope|vram_ctrl:VRAM_controller|lpm_mux0:b2v_addr_mux                  ; C:/Users/tago/Dropbox/OUT/EE 52/logic/lpm_mux0.vhd       ;
; Altera ; LPM_COUNTER  ; 13.1    ; N/A          ; N/A          ; |sopc_scope|vram_ctrl:VRAM_controller|vram_cnt:b2v_VRAM_addr_cnt             ; C:/Users/tago/Dropbox/OUT/EE 52/quartus/vram_cnt.vhd     ;
+--------+--------------+---------+--------------+--------------+------------------------------------------------------------------------------+----------------------------------------------------------+


+------------------------------------------------------------------------------------------------------------------------------------------+
; Parameter Settings for User Entity Instance: display_ctrl:display_controller|lpm_counter0:b2v_DCLK_cnt|lpm_counter:LPM_COUNTER_component ;
+------------------------+-------------+---------------------------------------------------------------------------------------------------+
; Parameter Name         ; Value       ; Type                                                                                              ;
+------------------------+-------------+---------------------------------------------------------------------------------------------------+
; AUTO_CARRY_CHAINS      ; ON          ; AUTO_CARRY                                                                                        ;
; IGNORE_CARRY_BUFFERS   ; OFF         ; IGNORE_CARRY                                                                                      ;
; AUTO_CASCADE_CHAINS    ; ON          ; AUTO_CASCADE                                                                                      ;
; IGNORE_CASCADE_BUFFERS ; OFF         ; IGNORE_CASCADE                                                                                    ;
; LPM_WIDTH              ; 2           ; Signed Integer                                                                                    ;
; LPM_DIRECTION          ; UP          ; Untyped                                                                                           ;
; LPM_MODULUS            ; 0           ; Untyped                                                                                           ;
; LPM_AVALUE             ; UNUSED      ; Untyped                                                                                           ;
; LPM_SVALUE             ; UNUSED      ; Untyped                                                                                           ;
; LPM_PORT_UPDOWN        ; PORT_UNUSED ; Untyped                                                                                           ;
; DEVICE_FAMILY          ; Cyclone III ; Untyped                                                                                           ;
; CARRY_CHAIN            ; MANUAL      ; Untyped                                                                                           ;
; CARRY_CHAIN_LENGTH     ; 48          ; CARRY_CHAIN_LENGTH                                                                                ;
; NOT_GATE_PUSH_BACK     ; ON          ; NOT_GATE_PUSH_BACK                                                                                ;
; CARRY_CNT_EN           ; SMART       ; Untyped                                                                                           ;
; LABWIDE_SCLR           ; ON          ; Untyped                                                                                           ;
; USE_NEW_VERSION        ; TRUE        ; Untyped                                                                                           ;
; CBXI_PARAMETER         ; cntr_16i    ; Untyped                                                                                           ;
+------------------------+-------------+---------------------------------------------------------------------------------------------------+
Note: In order to hide this table in the UI and the text report file, please set the "Show Parameter Settings in Synthesis Report" option in "Analysis and Synthesis Settings -> More Settings" to "Off".


+-------------------------------------------------------------------------------------------------------------------------------------------+
; Parameter Settings for User Entity Instance: display_ctrl:display_controller|lpm_compare1:b2v_HSYNC_cmp|lpm_compare:LPM_COMPARE_component ;
+------------------------+-------------+----------------------------------------------------------------------------------------------------+
; Parameter Name         ; Value       ; Type                                                                                               ;
+------------------------+-------------+----------------------------------------------------------------------------------------------------+
; lpm_width              ; 10          ; Signed Integer                                                                                     ;
; LPM_REPRESENTATION     ; UNSIGNED    ; Untyped                                                                                            ;
; LPM_PIPELINE           ; 0           ; Untyped                                                                                            ;
; CHAIN_SIZE             ; 8           ; Untyped                                                                                            ;
; ONE_INPUT_IS_CONSTANT  ; YES         ; Untyped                                                                                            ;
; CARRY_CHAIN            ; MANUAL      ; Untyped                                                                                            ;
; CASCADE_CHAIN          ; MANUAL      ; Untyped                                                                                            ;
; CARRY_CHAIN_LENGTH     ; 48          ; CARRY_CHAIN_LENGTH                                                                                 ;
; CASCADE_CHAIN_LENGTH   ; 2           ; CASCADE_CHAIN_LENGTH                                                                               ;
; DEVICE_FAMILY          ; Cyclone III ; Untyped                                                                                            ;
; CBXI_PARAMETER         ; cmpr_dfj    ; Untyped                                                                                            ;
; AUTO_CARRY_CHAINS      ; ON          ; AUTO_CARRY                                                                                         ;
; IGNORE_CARRY_BUFFERS   ; OFF         ; IGNORE_CARRY                                                                                       ;
; AUTO_CASCADE_CHAINS    ; ON          ; AUTO_CASCADE                                                                                       ;
; IGNORE_CASCADE_BUFFERS ; OFF         ; IGNORE_CASCADE                                                                                     ;
+------------------------+-------------+----------------------------------------------------------------------------------------------------+
Note: In order to hide this table in the UI and the text report file, please set the "Show Parameter Settings in Synthesis Report" option in "Analysis and Synthesis Settings -> More Settings" to "Off".


+-------------------------------------------------------------------------------------------------------------------------------------------+
; Parameter Settings for User Entity Instance: display_ctrl:display_controller|lpm_counter2:b2v_HSYNC_cnt|lpm_counter:LPM_COUNTER_component ;
+------------------------+-------------+----------------------------------------------------------------------------------------------------+
; Parameter Name         ; Value       ; Type                                                                                               ;
+------------------------+-------------+----------------------------------------------------------------------------------------------------+
; AUTO_CARRY_CHAINS      ; ON          ; AUTO_CARRY                                                                                         ;
; IGNORE_CARRY_BUFFERS   ; OFF         ; IGNORE_CARRY                                                                                       ;
; AUTO_CASCADE_CHAINS    ; ON          ; AUTO_CASCADE                                                                                       ;
; IGNORE_CASCADE_BUFFERS ; OFF         ; IGNORE_CASCADE                                                                                     ;
; LPM_WIDTH              ; 10          ; Signed Integer                                                                                     ;
; LPM_DIRECTION          ; UP          ; Untyped                                                                                            ;
; LPM_MODULUS            ; 525         ; Signed Integer                                                                                     ;
; LPM_AVALUE             ; 524         ; Untyped                                                                                            ;
; LPM_SVALUE             ; UNUSED      ; Untyped                                                                                            ;
; LPM_PORT_UPDOWN        ; PORT_UNUSED ; Untyped                                                                                            ;
; DEVICE_FAMILY          ; Cyclone III ; Untyped                                                                                            ;
; CARRY_CHAIN            ; MANUAL      ; Untyped                                                                                            ;
; CARRY_CHAIN_LENGTH     ; 48          ; CARRY_CHAIN_LENGTH                                                                                 ;
; NOT_GATE_PUSH_BACK     ; ON          ; NOT_GATE_PUSH_BACK                                                                                 ;
; CARRY_CNT_EN           ; SMART       ; Untyped                                                                                            ;
; LABWIDE_SCLR           ; ON          ; Untyped                                                                                            ;
; USE_NEW_VERSION        ; TRUE        ; Untyped                                                                                            ;
; CBXI_PARAMETER         ; cntr_3uk    ; Untyped                                                                                            ;
+------------------------+-------------+----------------------------------------------------------------------------------------------------+
Note: In order to hide this table in the UI and the text report file, please set the "Show Parameter Settings in Synthesis Report" option in "Analysis and Synthesis Settings -> More Settings" to "Off".


+-------------------------------------------------------------------------------------------------------------------------------------------------+
; Parameter Settings for User Entity Instance: display_ctrl:display_controller|lpm_compare5:b2v_SCLK_HSYNC_cmp0|lpm_compare:LPM_COMPARE_component ;
+------------------------+-------------+----------------------------------------------------------------------------------------------------------+
; Parameter Name         ; Value       ; Type                                                                                                     ;
+------------------------+-------------+----------------------------------------------------------------------------------------------------------+
; lpm_width              ; 10          ; Signed Integer                                                                                           ;
; LPM_REPRESENTATION     ; UNSIGNED    ; Untyped                                                                                                  ;
; LPM_PIPELINE           ; 0           ; Untyped                                                                                                  ;
; CHAIN_SIZE             ; 8           ; Untyped                                                                                                  ;
; ONE_INPUT_IS_CONSTANT  ; YES         ; Untyped                                                                                                  ;
; CARRY_CHAIN            ; MANUAL      ; Untyped                                                                                                  ;
; CASCADE_CHAIN          ; MANUAL      ; Untyped                                                                                                  ;
; CARRY_CHAIN_LENGTH     ; 48          ; CARRY_CHAIN_LENGTH                                                                                       ;
; CASCADE_CHAIN_LENGTH   ; 2           ; CASCADE_CHAIN_LENGTH                                                                                     ;
; DEVICE_FAMILY          ; Cyclone III ; Untyped                                                                                                  ;
; CBXI_PARAMETER         ; cmpr_dfj    ; Untyped                                                                                                  ;
; AUTO_CARRY_CHAINS      ; ON          ; AUTO_CARRY                                                                                               ;
; IGNORE_CARRY_BUFFERS   ; OFF         ; IGNORE_CARRY                                                                                             ;
; AUTO_CASCADE_CHAINS    ; ON          ; AUTO_CASCADE                                                                                             ;
; IGNORE_CASCADE_BUFFERS ; OFF         ; IGNORE_CASCADE                                                                                           ;
+------------------------+-------------+----------------------------------------------------------------------------------------------------------+
Note: In order to hide this table in the UI and the text report file, please set the "Show Parameter Settings in Synthesis Report" option in "Analysis and Synthesis Settings -> More Settings" to "Off".


+-------------------------------------------------------------------------------------------------------------------------------------------------+
; Parameter Settings for User Entity Instance: display_ctrl:display_controller|lpm_compare6:b2v_SCLK_HSYNC_cmp1|lpm_compare:LPM_COMPARE_component ;
+------------------------+-------------+----------------------------------------------------------------------------------------------------------+
; Parameter Name         ; Value       ; Type                                                                                                     ;
+------------------------+-------------+----------------------------------------------------------------------------------------------------------+
; lpm_width              ; 10          ; Signed Integer                                                                                           ;
; LPM_REPRESENTATION     ; UNSIGNED    ; Untyped                                                                                                  ;
; LPM_PIPELINE           ; 0           ; Untyped                                                                                                  ;
; CHAIN_SIZE             ; 8           ; Untyped                                                                                                  ;
; ONE_INPUT_IS_CONSTANT  ; YES         ; Untyped                                                                                                  ;
; CARRY_CHAIN            ; MANUAL      ; Untyped                                                                                                  ;
; CASCADE_CHAIN          ; MANUAL      ; Untyped                                                                                                  ;
; CARRY_CHAIN_LENGTH     ; 48          ; CARRY_CHAIN_LENGTH                                                                                       ;
; CASCADE_CHAIN_LENGTH   ; 2           ; CASCADE_CHAIN_LENGTH                                                                                     ;
; DEVICE_FAMILY          ; Cyclone III ; Untyped                                                                                                  ;
; CBXI_PARAMETER         ; cmpr_dcj    ; Untyped                                                                                                  ;
; AUTO_CARRY_CHAINS      ; ON          ; AUTO_CARRY                                                                                               ;
; IGNORE_CARRY_BUFFERS   ; OFF         ; IGNORE_CARRY                                                                                             ;
; AUTO_CASCADE_CHAINS    ; ON          ; AUTO_CASCADE                                                                                             ;
; IGNORE_CASCADE_BUFFERS ; OFF         ; IGNORE_CASCADE                                                                                           ;
+------------------------+-------------+----------------------------------------------------------------------------------------------------------+
Note: In order to hide this table in the UI and the text report file, please set the "Show Parameter Settings in Synthesis Report" option in "Analysis and Synthesis Settings -> More Settings" to "Off".


+-------------------------------------------------------------------------------------------------------------------------------------------------+
; Parameter Settings for User Entity Instance: display_ctrl:display_controller|lpm_compare3:b2v_SCLK_VSYNC_cmp0|lpm_compare:LPM_COMPARE_component ;
+------------------------+-------------+----------------------------------------------------------------------------------------------------------+
; Parameter Name         ; Value       ; Type                                                                                                     ;
+------------------------+-------------+----------------------------------------------------------------------------------------------------------+
; lpm_width              ; 18          ; Signed Integer                                                                                           ;
; LPM_REPRESENTATION     ; UNSIGNED    ; Untyped                                                                                                  ;
; LPM_PIPELINE           ; 0           ; Untyped                                                                                                  ;
; CHAIN_SIZE             ; 8           ; Untyped                                                                                                  ;
; ONE_INPUT_IS_CONSTANT  ; YES         ; Untyped                                                                                                  ;
; CARRY_CHAIN            ; MANUAL      ; Untyped                                                                                                  ;
; CASCADE_CHAIN          ; MANUAL      ; Untyped                                                                                                  ;
; CARRY_CHAIN_LENGTH     ; 48          ; CARRY_CHAIN_LENGTH                                                                                       ;
; CASCADE_CHAIN_LENGTH   ; 2           ; CASCADE_CHAIN_LENGTH                                                                                     ;
; DEVICE_FAMILY          ; Cyclone III ; Untyped                                                                                                  ;
; CBXI_PARAMETER         ; cmpr_lfj    ; Untyped                                                                                                  ;
; AUTO_CARRY_CHAINS      ; ON          ; AUTO_CARRY                                                                                               ;
; IGNORE_CARRY_BUFFERS   ; OFF         ; IGNORE_CARRY                                                                                             ;
; AUTO_CASCADE_CHAINS    ; ON          ; AUTO_CASCADE                                                                                             ;
; IGNORE_CASCADE_BUFFERS ; OFF         ; IGNORE_CASCADE                                                                                           ;
+------------------------+-------------+----------------------------------------------------------------------------------------------------------+
Note: In order to hide this table in the UI and the text report file, please set the "Show Parameter Settings in Synthesis Report" option in "Analysis and Synthesis Settings -> More Settings" to "Off".


+-------------------------------------------------------------------------------------------------------------------------------------------------+
; Parameter Settings for User Entity Instance: display_ctrl:display_controller|lpm_compare4:b2v_SCLK_VSYNC_cmp1|lpm_compare:LPM_COMPARE_component ;
+------------------------+-------------+----------------------------------------------------------------------------------------------------------+
; Parameter Name         ; Value       ; Type                                                                                                     ;
+------------------------+-------------+----------------------------------------------------------------------------------------------------------+
; lpm_width              ; 18          ; Signed Integer                                                                                           ;
; LPM_REPRESENTATION     ; UNSIGNED    ; Untyped                                                                                                  ;
; LPM_PIPELINE           ; 0           ; Untyped                                                                                                  ;
; CHAIN_SIZE             ; 8           ; Untyped                                                                                                  ;
; ONE_INPUT_IS_CONSTANT  ; YES         ; Untyped                                                                                                  ;
; CARRY_CHAIN            ; MANUAL      ; Untyped                                                                                                  ;
; CASCADE_CHAIN          ; MANUAL      ; Untyped                                                                                                  ;
; CARRY_CHAIN_LENGTH     ; 48          ; CARRY_CHAIN_LENGTH                                                                                       ;
; CASCADE_CHAIN_LENGTH   ; 2           ; CASCADE_CHAIN_LENGTH                                                                                     ;
; DEVICE_FAMILY          ; Cyclone III ; Untyped                                                                                                  ;
; CBXI_PARAMETER         ; cmpr_lcj    ; Untyped                                                                                                  ;
; AUTO_CARRY_CHAINS      ; ON          ; AUTO_CARRY                                                                                               ;
; IGNORE_CARRY_BUFFERS   ; OFF         ; IGNORE_CARRY                                                                                             ;
; AUTO_CASCADE_CHAINS    ; ON          ; AUTO_CASCADE                                                                                             ;
; IGNORE_CASCADE_BUFFERS ; OFF         ; IGNORE_CASCADE                                                                                           ;
+------------------------+-------------+----------------------------------------------------------------------------------------------------------+
Note: In order to hide this table in the UI and the text report file, please set the "Show Parameter Settings in Synthesis Report" option in "Analysis and Synthesis Settings -> More Settings" to "Off".


+------------------------------------------------------------------------------------------------------------------------------------------+
; Parameter Settings for User Entity Instance: display_ctrl:display_controller|lpm_compare2:b2v_UREQ_cmp|lpm_compare:LPM_COMPARE_component ;
+------------------------+-------------+---------------------------------------------------------------------------------------------------+
; Parameter Name         ; Value       ; Type                                                                                              ;
+------------------------+-------------+---------------------------------------------------------------------------------------------------+
; lpm_width              ; 10          ; Signed Integer                                                                                    ;
; LPM_REPRESENTATION     ; UNSIGNED    ; Untyped                                                                                           ;
; LPM_PIPELINE           ; 0           ; Untyped                                                                                           ;
; CHAIN_SIZE             ; 8           ; Untyped                                                                                           ;
; ONE_INPUT_IS_CONSTANT  ; YES         ; Untyped                                                                                           ;
; CARRY_CHAIN            ; MANUAL      ; Untyped                                                                                           ;
; CASCADE_CHAIN          ; MANUAL      ; Untyped                                                                                           ;
; CARRY_CHAIN_LENGTH     ; 48          ; CARRY_CHAIN_LENGTH                                                                                ;
; CASCADE_CHAIN_LENGTH   ; 2           ; CASCADE_CHAIN_LENGTH                                                                              ;
; DEVICE_FAMILY          ; Cyclone III ; Untyped                                                                                           ;
; CBXI_PARAMETER         ; cmpr_6cj    ; Untyped                                                                                           ;
; AUTO_CARRY_CHAINS      ; ON          ; AUTO_CARRY                                                                                        ;
; IGNORE_CARRY_BUFFERS   ; OFF         ; IGNORE_CARRY                                                                                      ;
; AUTO_CASCADE_CHAINS    ; ON          ; AUTO_CASCADE                                                                                      ;
; IGNORE_CASCADE_BUFFERS ; OFF         ; IGNORE_CASCADE                                                                                    ;
+------------------------+-------------+---------------------------------------------------------------------------------------------------+
Note: In order to hide this table in the UI and the text report file, please set the "Show Parameter Settings in Synthesis Report" option in "Analysis and Synthesis Settings -> More Settings" to "Off".


+-------------------------------------------------------------------------------------------------------------------------------------------+
; Parameter Settings for User Entity Instance: display_ctrl:display_controller|lpm_compare0:b2v_VSYNC_cmp|lpm_compare:LPM_COMPARE_component ;
+------------------------+-------------+----------------------------------------------------------------------------------------------------+
; Parameter Name         ; Value       ; Type                                                                                               ;
+------------------------+-------------+----------------------------------------------------------------------------------------------------+
; lpm_width              ; 18          ; Signed Integer                                                                                     ;
; LPM_REPRESENTATION     ; UNSIGNED    ; Untyped                                                                                            ;
; LPM_PIPELINE           ; 0           ; Untyped                                                                                            ;
; CHAIN_SIZE             ; 8           ; Untyped                                                                                            ;
; ONE_INPUT_IS_CONSTANT  ; YES         ; Untyped                                                                                            ;
; CARRY_CHAIN            ; MANUAL      ; Untyped                                                                                            ;
; CASCADE_CHAIN          ; MANUAL      ; Untyped                                                                                            ;
; CARRY_CHAIN_LENGTH     ; 48          ; CARRY_CHAIN_LENGTH                                                                                 ;
; CASCADE_CHAIN_LENGTH   ; 2           ; CASCADE_CHAIN_LENGTH                                                                               ;
; DEVICE_FAMILY          ; Cyclone III ; Untyped                                                                                            ;
; CBXI_PARAMETER         ; cmpr_lfj    ; Untyped                                                                                            ;
; AUTO_CARRY_CHAINS      ; ON          ; AUTO_CARRY                                                                                         ;
; IGNORE_CARRY_BUFFERS   ; OFF         ; IGNORE_CARRY                                                                                       ;
; AUTO_CASCADE_CHAINS    ; ON          ; AUTO_CASCADE                                                                                       ;
; IGNORE_CASCADE_BUFFERS ; OFF         ; IGNORE_CASCADE                                                                                     ;
+------------------------+-------------+----------------------------------------------------------------------------------------------------+
Note: In order to hide this table in the UI and the text report file, please set the "Show Parameter Settings in Synthesis Report" option in "Analysis and Synthesis Settings -> More Settings" to "Off".


+-------------------------------------------------------------------------------------------------------------------------------------------+
; Parameter Settings for User Entity Instance: display_ctrl:display_controller|lpm_counter1:b2v_VSYNC_cnt|lpm_counter:LPM_COUNTER_component ;
+------------------------+-------------+----------------------------------------------------------------------------------------------------+
; Parameter Name         ; Value       ; Type                                                                                               ;
+------------------------+-------------+----------------------------------------------------------------------------------------------------+
; AUTO_CARRY_CHAINS      ; ON          ; AUTO_CARRY                                                                                         ;
; IGNORE_CARRY_BUFFERS   ; OFF         ; IGNORE_CARRY                                                                                       ;
; AUTO_CASCADE_CHAINS    ; ON          ; AUTO_CASCADE                                                                                       ;
; IGNORE_CASCADE_BUFFERS ; OFF         ; IGNORE_CASCADE                                                                                     ;
; LPM_WIDTH              ; 18          ; Signed Integer                                                                                     ;
; LPM_DIRECTION          ; UP          ; Untyped                                                                                            ;
; LPM_MODULUS            ; 150150      ; Signed Integer                                                                                     ;
; LPM_AVALUE             ; 150149      ; Untyped                                                                                            ;
; LPM_SVALUE             ; UNUSED      ; Untyped                                                                                            ;
; LPM_PORT_UPDOWN        ; PORT_UNUSED ; Untyped                                                                                            ;
; DEVICE_FAMILY          ; Cyclone III ; Untyped                                                                                            ;
; CARRY_CHAIN            ; MANUAL      ; Untyped                                                                                            ;
; CARRY_CHAIN_LENGTH     ; 48          ; CARRY_CHAIN_LENGTH                                                                                 ;
; NOT_GATE_PUSH_BACK     ; ON          ; NOT_GATE_PUSH_BACK                                                                                 ;
; CARRY_CNT_EN           ; SMART       ; Untyped                                                                                            ;
; LABWIDE_SCLR           ; ON          ; Untyped                                                                                            ;
; USE_NEW_VERSION        ; TRUE        ; Untyped                                                                                            ;
; CBXI_PARAMETER         ; cntr_k7l    ; Untyped                                                                                            ;
+------------------------+-------------+----------------------------------------------------------------------------------------------------+
Note: In order to hide this table in the UI and the text report file, please set the "Show Parameter Settings in Synthesis Report" option in "Analysis and Synthesis Settings -> More Settings" to "Off".


+------------------------------------------------------------------------------------------------------------------------+
; Parameter Settings for User Entity Instance: vram_ctrl:VRAM_controller|lpm_mux0:b2v_addr_mux|LPM_MUX:LPM_MUX_component ;
+------------------------+-------------+---------------------------------------------------------------------------------+
; Parameter Name         ; Value       ; Type                                                                            ;
+------------------------+-------------+---------------------------------------------------------------------------------+
; AUTO_CARRY_CHAINS      ; ON          ; AUTO_CARRY                                                                      ;
; IGNORE_CARRY_BUFFERS   ; OFF         ; IGNORE_CARRY                                                                    ;
; AUTO_CASCADE_CHAINS    ; ON          ; AUTO_CASCADE                                                                    ;
; IGNORE_CASCADE_BUFFERS ; OFF         ; IGNORE_CASCADE                                                                  ;
; LPM_WIDTH              ; 9           ; Signed Integer                                                                  ;
; LPM_SIZE               ; 4           ; Signed Integer                                                                  ;
; LPM_WIDTHS             ; 2           ; Signed Integer                                                                  ;
; LPM_PIPELINE           ; 0           ; Signed Integer                                                                  ;
; CBXI_PARAMETER         ; mux_k6e     ; Untyped                                                                         ;
; DEVICE_FAMILY          ; Cyclone III ; Untyped                                                                         ;
+------------------------+-------------+---------------------------------------------------------------------------------+
Note: In order to hide this table in the UI and the text report file, please set the "Show Parameter Settings in Synthesis Report" option in "Analysis and Synthesis Settings -> More Settings" to "Off".


+-------------------------------------------------------------------------------------------------------------------------------------+
; Parameter Settings for User Entity Instance: vram_ctrl:VRAM_controller|vram_cnt:b2v_VRAM_addr_cnt|lpm_counter:LPM_COUNTER_component ;
+------------------------+-------------+----------------------------------------------------------------------------------------------+
; Parameter Name         ; Value       ; Type                                                                                         ;
+------------------------+-------------+----------------------------------------------------------------------------------------------+
; AUTO_CARRY_CHAINS      ; ON          ; AUTO_CARRY                                                                                   ;
; IGNORE_CARRY_BUFFERS   ; OFF         ; IGNORE_CARRY                                                                                 ;
; AUTO_CASCADE_CHAINS    ; ON          ; AUTO_CASCADE                                                                                 ;
; IGNORE_CASCADE_BUFFERS ; OFF         ; IGNORE_CASCADE                                                                               ;
; LPM_WIDTH              ; 9           ; Signed Integer                                                                               ;
; LPM_DIRECTION          ; UP          ; Untyped                                                                                      ;
; LPM_MODULUS            ; 272         ; Signed Integer                                                                               ;
; LPM_AVALUE             ; UNUSED      ; Untyped                                                                                      ;
; LPM_SVALUE             ; UNUSED      ; Untyped                                                                                      ;
; LPM_PORT_UPDOWN        ; PORT_UNUSED ; Untyped                                                                                      ;
; DEVICE_FAMILY          ; Cyclone III ; Untyped                                                                                      ;
; CARRY_CHAIN            ; MANUAL      ; Untyped                                                                                      ;
; CARRY_CHAIN_LENGTH     ; 48          ; CARRY_CHAIN_LENGTH                                                                           ;
; NOT_GATE_PUSH_BACK     ; ON          ; NOT_GATE_PUSH_BACK                                                                           ;
; CARRY_CNT_EN           ; SMART       ; Untyped                                                                                      ;
; LABWIDE_SCLR           ; ON          ; Untyped                                                                                      ;
; USE_NEW_VERSION        ; TRUE        ; Untyped                                                                                      ;
; CBXI_PARAMETER         ; cntr_hjj    ; Untyped                                                                                      ;
+------------------------+-------------+----------------------------------------------------------------------------------------------+
Note: In order to hide this table in the UI and the text report file, please set the "Show Parameter Settings in Synthesis Report" option in "Analysis and Synthesis Settings -> More Settings" to "Off".


+----------------------------------------------------------------------------------------------------------------------+
; Analysis & Elaboration Settings                                                                                      ;
+----------------------------------------------------------------------------+--------------------+--------------------+
; Option                                                                     ; Setting            ; Default Value      ;
+----------------------------------------------------------------------------+--------------------+--------------------+
; Device                                                                     ; EP3C25Q240C8       ;                    ;
; Top-level entity name                                                      ; sopc_scope         ; sopc_scope         ;
; Family name                                                                ; Cyclone III        ; Cyclone IV GX      ;
; Use smart compilation                                                      ; Off                ; Off                ;
; Enable parallel Assembler and TimeQuest Timing Analyzer during compilation ; On                 ; On                 ;
; Enable compact report table                                                ; Off                ; Off                ;
; Restructure Multiplexers                                                   ; Auto               ; Auto               ;
; Create Debugging Nodes for IP Cores                                        ; Off                ; Off                ;
; Preserve fewer node names                                                  ; On                 ; On                 ;
; Disable OpenCore Plus hardware evaluation                                  ; Off                ; Off                ;
; Verilog Version                                                            ; Verilog_2001       ; Verilog_2001       ;
; VHDL Version                                                               ; VHDL_1993          ; VHDL_1993          ;
; State Machine Processing                                                   ; Auto               ; Auto               ;
; Safe State Machine                                                         ; Off                ; Off                ;
; Extract Verilog State Machines                                             ; On                 ; On                 ;
; Extract VHDL State Machines                                                ; On                 ; On                 ;
; Ignore Verilog initial constructs                                          ; Off                ; Off                ;
; Iteration limit for constant Verilog loops                                 ; 5000               ; 5000               ;
; Iteration limit for non-constant Verilog loops                             ; 250                ; 250                ;
; Add Pass-Through Logic to Inferred RAMs                                    ; On                 ; On                 ;
; Infer RAMs from Raw Logic                                                  ; On                 ; On                 ;
; Parallel Synthesis                                                         ; On                 ; On                 ;
; DSP Block Balancing                                                        ; Auto               ; Auto               ;
; NOT Gate Push-Back                                                         ; On                 ; On                 ;
; Power-Up Don't Care                                                        ; On                 ; On                 ;
; Remove Redundant Logic Cells                                               ; Off                ; Off                ;
; Remove Duplicate Registers                                                 ; On                 ; On                 ;
; Ignore CARRY Buffers                                                       ; Off                ; Off                ;
; Ignore CASCADE Buffers                                                     ; Off                ; Off                ;
; Ignore GLOBAL Buffers                                                      ; Off                ; Off                ;
; Ignore ROW GLOBAL Buffers                                                  ; Off                ; Off                ;
; Ignore LCELL Buffers                                                       ; Off                ; Off                ;
; Ignore SOFT Buffers                                                        ; On                 ; On                 ;
; Limit AHDL Integers to 32 Bits                                             ; Off                ; Off                ;
; Optimization Technique                                                     ; Balanced           ; Balanced           ;
; Carry Chain Length                                                         ; 70                 ; 70                 ;
; Auto Carry Chains                                                          ; On                 ; On                 ;
; Auto Open-Drain Pins                                                       ; On                 ; On                 ;
; Perform WYSIWYG Primitive Resynthesis                                      ; Off                ; Off                ;
; Auto ROM Replacement                                                       ; On                 ; On                 ;
; Auto RAM Replacement                                                       ; On                 ; On                 ;
; Auto DSP Block Replacement                                                 ; On                 ; On                 ;
; Auto Shift Register Replacement                                            ; Auto               ; Auto               ;
; Allow Shift Register Merging across Hierarchies                            ; Auto               ; Auto               ;
; Auto Clock Enable Replacement                                              ; On                 ; On                 ;
; Strict RAM Replacement                                                     ; Off                ; Off                ;
; Allow Synchronous Control Signals                                          ; On                 ; On                 ;
; Force Use of Synchronous Clear Signals                                     ; Off                ; Off                ;
; Auto RAM Block Balancing                                                   ; On                 ; On                 ;
; Auto RAM to Logic Cell Conversion                                          ; Off                ; Off                ;
; Auto Resource Sharing                                                      ; Off                ; Off                ;
; Allow Any RAM Size For Recognition                                         ; Off                ; Off                ;
; Allow Any ROM Size For Recognition                                         ; Off                ; Off                ;
; Allow Any Shift Register Size For Recognition                              ; Off                ; Off                ;
; Use LogicLock Constraints during Resource Balancing                        ; On                 ; On                 ;
; Ignore translate_off and synthesis_off directives                          ; Off                ; Off                ;
; Timing-Driven Synthesis                                                    ; On                 ; On                 ;
; Report Parameter Settings                                                  ; On                 ; On                 ;
; Report Source Assignments                                                  ; On                 ; On                 ;
; Report Connectivity Checks                                                 ; On                 ; On                 ;
; Ignore Maximum Fan-Out Assignments                                         ; Off                ; Off                ;
; Synchronization Register Chain Length                                      ; 2                  ; 2                  ;
; PowerPlay Power Optimization                                               ; Normal compilation ; Normal compilation ;
; HDL message level                                                          ; Level2             ; Level2             ;
; Suppress Register Optimization Related Messages                            ; Off                ; Off                ;
; Number of Removed Registers Reported in Synthesis Report                   ; 5000               ; 5000               ;
; Number of Swept Nodes Reported in Synthesis Report                         ; 5000               ; 5000               ;
; Number of Inverted Registers Reported in Synthesis Report                  ; 100                ; 100                ;
; Clock MUX Protection                                                       ; On                 ; On                 ;
; Auto Gated Clock Conversion                                                ; Off                ; Off                ;
; Block Design Naming                                                        ; Auto               ; Auto               ;
; SDC constraint protection                                                  ; Off                ; Off                ;
; Synthesis Effort                                                           ; Auto               ; Auto               ;
; Shift Register Replacement - Allow Asynchronous Clear Signal               ; On                 ; On                 ;
; Pre-Mapping Resynthesis Optimization                                       ; Off                ; Off                ;
; Analysis & Synthesis Message Level                                         ; Medium             ; Medium             ;
; Disable Register Merging Across Hierarchies                                ; Auto               ; Auto               ;
; Resource Aware Inference For Block RAM                                     ; On                 ; On                 ;
; Synthesis Seed                                                             ; 1                  ; 1                  ;
+----------------------------------------------------------------------------+--------------------+--------------------+


+-----------------------------------------------------------------------------+
; Port Connectivity Checks: "vram_ctrl:VRAM_controller|lpm_mux0:b2v_addr_mux" ;
+--------+-------+----------+-------------------------------------------------+
; Port   ; Type  ; Severity ; Details                                         ;
+--------+-------+----------+-------------------------------------------------+
; data0x ; Input ; Info     ; Stuck at GND                                    ;
+--------+-------+----------+-------------------------------------------------+


+----------------------------------------------------------------------------------------------------------------+
; Port Connectivity Checks: "display_ctrl:display_controller|lpm_counter0:b2v_DCLK_cnt"                          ;
+------+--------+----------+-------------------------------------------------------------------------------------+
; Port ; Type   ; Severity ; Details                                                                             ;
+------+--------+----------+-------------------------------------------------------------------------------------+
; q[0] ; Output ; Info     ; Connected to dangling logic. Logic that only feeds a dangling port will be removed. ;
+------+--------+----------+-------------------------------------------------------------------------------------+


+---------------------------------+
; Analysis & Elaboration Messages ;
+---------------------------------+
Info: *******************************************************************
Info: Running Quartus II 64-Bit Analysis & Elaboration
    Info: Version 13.1.0 Build 162 10/23/2013 SJ Web Edition
    Info: Processing started: Thu Feb 27 12:54:00 2014
Info: Command: quartus_map --read_settings_files=on --write_settings_files=off sopc_scope -c sopc_scope --analysis_and_elaboration
Info (20030): Parallel compilation is enabled and will use 2 of the 2 processors detected
Info (12021): Found 1 design units, including 1 entities, in source file sopc_scope.bdf
    Info (12023): Found entity 1: sopc_scope
Info (12021): Found 2 design units, including 1 entities, in source file vram_ctrl.vhd
    Info (12022): Found design unit 1: vram_ctrl-bdf_type
    Info (12023): Found entity 1: vram_ctrl
Info (12021): Found 2 design units, including 1 entities, in source file display_ctrl.vhd
    Info (12022): Found design unit 1: display_ctrl-bdf_type
    Info (12023): Found entity 1: display_ctrl
Info (12021): Found 2 design units, including 1 entities, in source file /users/tago/dropbox/out/ee 52/logic/display_sm.vhd
    Info (12022): Found design unit 1: VRAMCtrl-assign_statebits
    Info (12023): Found entity 1: VRAMCtrl
Info (12021): Found 2 design units, including 1 entities, in source file /users/tago/dropbox/out/ee 52/logic/lpm_mux0.vhd
    Info (12022): Found design unit 1: lpm_mux0-SYN
    Info (12023): Found entity 1: lpm_mux0
Info (12021): Found 2 design units, including 1 entities, in source file lpm_counter0.vhd
    Info (12022): Found design unit 1: lpm_counter0-SYN
    Info (12023): Found entity 1: lpm_counter0
Info (12021): Found 2 design units, including 1 entities, in source file lpm_counter1.vhd
    Info (12022): Found design unit 1: lpm_counter1-SYN
    Info (12023): Found entity 1: lpm_counter1
Info (12021): Found 2 design units, including 1 entities, in source file lpm_counter2.vhd
    Info (12022): Found design unit 1: lpm_counter2-SYN
    Info (12023): Found entity 1: lpm_counter2
Info (12021): Found 2 design units, including 1 entities, in source file lpm_compare0.vhd
    Info (12022): Found design unit 1: lpm_compare0-SYN
    Info (12023): Found entity 1: lpm_compare0
Info (12021): Found 2 design units, including 1 entities, in source file lpm_compare1.vhd
    Info (12022): Found design unit 1: lpm_compare1-SYN
    Info (12023): Found entity 1: lpm_compare1
Info (12021): Found 2 design units, including 1 entities, in source file lpm_compare2.vhd
    Info (12022): Found design unit 1: lpm_compare2-SYN
    Info (12023): Found entity 1: lpm_compare2
Info (12021): Found 2 design units, including 1 entities, in source file lpm_compare3.vhd
    Info (12022): Found design unit 1: lpm_compare3-SYN
    Info (12023): Found entity 1: lpm_compare3
Info (12021): Found 2 design units, including 1 entities, in source file lpm_compare4.vhd
    Info (12022): Found design unit 1: lpm_compare4-SYN
    Info (12023): Found entity 1: lpm_compare4
Info (12021): Found 2 design units, including 1 entities, in source file lpm_compare5.vhd
    Info (12022): Found design unit 1: lpm_compare5-SYN
    Info (12023): Found entity 1: lpm_compare5
Info (12021): Found 2 design units, including 1 entities, in source file lpm_compare6.vhd
    Info (12022): Found design unit 1: lpm_compare6-SYN
    Info (12023): Found entity 1: lpm_compare6
Info (12021): Found 2 design units, including 1 entities, in source file vram_cnt.vhd
    Info (12022): Found design unit 1: vram_cnt-SYN
    Info (12023): Found entity 1: vram_cnt
Info (12127): Elaborating entity "sopc_scope" for the top level hierarchy
Info (12128): Elaborating entity "display_ctrl" for hierarchy "display_ctrl:display_controller"
Info (12128): Elaborating entity "lpm_counter0" for hierarchy "display_ctrl:display_controller|lpm_counter0:b2v_DCLK_cnt"
Info (12128): Elaborating entity "lpm_counter" for hierarchy "display_ctrl:display_controller|lpm_counter0:b2v_DCLK_cnt|lpm_counter:LPM_COUNTER_component"
Info (12130): Elaborated megafunction instantiation "display_ctrl:display_controller|lpm_counter0:b2v_DCLK_cnt|lpm_counter:LPM_COUNTER_component"
Info (12133): Instantiated megafunction "display_ctrl:display_controller|lpm_counter0:b2v_DCLK_cnt|lpm_counter:LPM_COUNTER_component" with the following parameter:
    Info (12134): Parameter "lpm_direction" = "UP"
    Info (12134): Parameter "lpm_port_updown" = "PORT_UNUSED"
    Info (12134): Parameter "lpm_type" = "LPM_COUNTER"
    Info (12134): Parameter "lpm_width" = "2"
Info (12021): Found 1 design units, including 1 entities, in source file db/cntr_16i.tdf
    Info (12023): Found entity 1: cntr_16i
Info (12128): Elaborating entity "cntr_16i" for hierarchy "display_ctrl:display_controller|lpm_counter0:b2v_DCLK_cnt|lpm_counter:LPM_COUNTER_component|cntr_16i:auto_generated"
Info (12128): Elaborating entity "lpm_compare1" for hierarchy "display_ctrl:display_controller|lpm_compare1:b2v_HSYNC_cmp"
Info (12128): Elaborating entity "lpm_compare" for hierarchy "display_ctrl:display_controller|lpm_compare1:b2v_HSYNC_cmp|lpm_compare:LPM_COMPARE_component"
Info (12130): Elaborated megafunction instantiation "display_ctrl:display_controller|lpm_compare1:b2v_HSYNC_cmp|lpm_compare:LPM_COMPARE_component"
Info (12133): Instantiated megafunction "display_ctrl:display_controller|lpm_compare1:b2v_HSYNC_cmp|lpm_compare:LPM_COMPARE_component" with the following parameter:
    Info (12134): Parameter "lpm_hint" = "ONE_INPUT_IS_CONSTANT=YES"
    Info (12134): Parameter "lpm_representation" = "UNSIGNED"
    Info (12134): Parameter "lpm_type" = "LPM_COMPARE"
    Info (12134): Parameter "lpm_width" = "10"
Info (12021): Found 1 design units, including 1 entities, in source file db/cmpr_dfj.tdf
    Info (12023): Found entity 1: cmpr_dfj
Info (12128): Elaborating entity "cmpr_dfj" for hierarchy "display_ctrl:display_controller|lpm_compare1:b2v_HSYNC_cmp|lpm_compare:LPM_COMPARE_component|cmpr_dfj:auto_generated"
Info (12128): Elaborating entity "lpm_counter2" for hierarchy "display_ctrl:display_controller|lpm_counter2:b2v_HSYNC_cnt"
Info (12128): Elaborating entity "lpm_counter" for hierarchy "display_ctrl:display_controller|lpm_counter2:b2v_HSYNC_cnt|lpm_counter:LPM_COUNTER_component"
Info (12130): Elaborated megafunction instantiation "display_ctrl:display_controller|lpm_counter2:b2v_HSYNC_cnt|lpm_counter:LPM_COUNTER_component"
Info (12133): Instantiated megafunction "display_ctrl:display_controller|lpm_counter2:b2v_HSYNC_cnt|lpm_counter:LPM_COUNTER_component" with the following parameter:
    Info (12134): Parameter "lpm_avalue" = "524"
    Info (12134): Parameter "lpm_direction" = "UP"
    Info (12134): Parameter "lpm_modulus" = "525"
    Info (12134): Parameter "lpm_port_updown" = "PORT_UNUSED"
    Info (12134): Parameter "lpm_type" = "LPM_COUNTER"
    Info (12134): Parameter "lpm_width" = "10"
Info (12021): Found 1 design units, including 1 entities, in source file db/cntr_3uk.tdf
    Info (12023): Found entity 1: cntr_3uk
Info (12128): Elaborating entity "cntr_3uk" for hierarchy "display_ctrl:display_controller|lpm_counter2:b2v_HSYNC_cnt|lpm_counter:LPM_COUNTER_component|cntr_3uk:auto_generated"
Info (12021): Found 1 design units, including 1 entities, in source file db/cmpr_ugc.tdf
    Info (12023): Found entity 1: cmpr_ugc
Info (12128): Elaborating entity "cmpr_ugc" for hierarchy "display_ctrl:display_controller|lpm_counter2:b2v_HSYNC_cnt|lpm_counter:LPM_COUNTER_component|cntr_3uk:auto_generated|cmpr_ugc:cmpr1"
Info (12128): Elaborating entity "lpm_compare5" for hierarchy "display_ctrl:display_controller|lpm_compare5:b2v_SCLK_HSYNC_cmp0"
Info (12128): Elaborating entity "lpm_compare" for hierarchy "display_ctrl:display_controller|lpm_compare5:b2v_SCLK_HSYNC_cmp0|lpm_compare:LPM_COMPARE_component"
Info (12130): Elaborated megafunction instantiation "display_ctrl:display_controller|lpm_compare5:b2v_SCLK_HSYNC_cmp0|lpm_compare:LPM_COMPARE_component"
Info (12133): Instantiated megafunction "display_ctrl:display_controller|lpm_compare5:b2v_SCLK_HSYNC_cmp0|lpm_compare:LPM_COMPARE_component" with the following parameter:
    Info (12134): Parameter "lpm_hint" = "ONE_INPUT_IS_CONSTANT=YES"
    Info (12134): Parameter "lpm_representation" = "UNSIGNED"
    Info (12134): Parameter "lpm_type" = "LPM_COMPARE"
    Info (12134): Parameter "lpm_width" = "10"
Info (12128): Elaborating entity "lpm_compare6" for hierarchy "display_ctrl:display_controller|lpm_compare6:b2v_SCLK_HSYNC_cmp1"
Info (12128): Elaborating entity "lpm_compare" for hierarchy "display_ctrl:display_controller|lpm_compare6:b2v_SCLK_HSYNC_cmp1|lpm_compare:LPM_COMPARE_component"
Info (12130): Elaborated megafunction instantiation "display_ctrl:display_controller|lpm_compare6:b2v_SCLK_HSYNC_cmp1|lpm_compare:LPM_COMPARE_component"
Info (12133): Instantiated megafunction "display_ctrl:display_controller|lpm_compare6:b2v_SCLK_HSYNC_cmp1|lpm_compare:LPM_COMPARE_component" with the following parameter:
    Info (12134): Parameter "lpm_hint" = "ONE_INPUT_IS_CONSTANT=YES"
    Info (12134): Parameter "lpm_representation" = "UNSIGNED"
    Info (12134): Parameter "lpm_type" = "LPM_COMPARE"
    Info (12134): Parameter "lpm_width" = "10"
Info (12021): Found 1 design units, including 1 entities, in source file db/cmpr_dcj.tdf
    Info (12023): Found entity 1: cmpr_dcj
Info (12128): Elaborating entity "cmpr_dcj" for hierarchy "display_ctrl:display_controller|lpm_compare6:b2v_SCLK_HSYNC_cmp1|lpm_compare:LPM_COMPARE_component|cmpr_dcj:auto_generated"
Info (12128): Elaborating entity "lpm_compare3" for hierarchy "display_ctrl:display_controller|lpm_compare3:b2v_SCLK_VSYNC_cmp0"
Info (12128): Elaborating entity "lpm_compare" for hierarchy "display_ctrl:display_controller|lpm_compare3:b2v_SCLK_VSYNC_cmp0|lpm_compare:LPM_COMPARE_component"
Info (12130): Elaborated megafunction instantiation "display_ctrl:display_controller|lpm_compare3:b2v_SCLK_VSYNC_cmp0|lpm_compare:LPM_COMPARE_component"
Info (12133): Instantiated megafunction "display_ctrl:display_controller|lpm_compare3:b2v_SCLK_VSYNC_cmp0|lpm_compare:LPM_COMPARE_component" with the following parameter:
    Info (12134): Parameter "lpm_hint" = "ONE_INPUT_IS_CONSTANT=YES"
    Info (12134): Parameter "lpm_representation" = "UNSIGNED"
    Info (12134): Parameter "lpm_type" = "LPM_COMPARE"
    Info (12134): Parameter "lpm_width" = "18"
Info (12021): Found 1 design units, including 1 entities, in source file db/cmpr_lfj.tdf
    Info (12023): Found entity 1: cmpr_lfj
Info (12128): Elaborating entity "cmpr_lfj" for hierarchy "display_ctrl:display_controller|lpm_compare3:b2v_SCLK_VSYNC_cmp0|lpm_compare:LPM_COMPARE_component|cmpr_lfj:auto_generated"
Info (12128): Elaborating entity "lpm_compare4" for hierarchy "display_ctrl:display_controller|lpm_compare4:b2v_SCLK_VSYNC_cmp1"
Info (12128): Elaborating entity "lpm_compare" for hierarchy "display_ctrl:display_controller|lpm_compare4:b2v_SCLK_VSYNC_cmp1|lpm_compare:LPM_COMPARE_component"
Info (12130): Elaborated megafunction instantiation "display_ctrl:display_controller|lpm_compare4:b2v_SCLK_VSYNC_cmp1|lpm_compare:LPM_COMPARE_component"
Info (12133): Instantiated megafunction "display_ctrl:display_controller|lpm_compare4:b2v_SCLK_VSYNC_cmp1|lpm_compare:LPM_COMPARE_component" with the following parameter:
    Info (12134): Parameter "lpm_hint" = "ONE_INPUT_IS_CONSTANT=YES"
    Info (12134): Parameter "lpm_representation" = "UNSIGNED"
    Info (12134): Parameter "lpm_type" = "LPM_COMPARE"
    Info (12134): Parameter "lpm_width" = "18"
Info (12021): Found 1 design units, including 1 entities, in source file db/cmpr_lcj.tdf
    Info (12023): Found entity 1: cmpr_lcj
Info (12128): Elaborating entity "cmpr_lcj" for hierarchy "display_ctrl:display_controller|lpm_compare4:b2v_SCLK_VSYNC_cmp1|lpm_compare:LPM_COMPARE_component|cmpr_lcj:auto_generated"
Info (12128): Elaborating entity "lpm_compare2" for hierarchy "display_ctrl:display_controller|lpm_compare2:b2v_UREQ_cmp"
Info (12128): Elaborating entity "lpm_compare" for hierarchy "display_ctrl:display_controller|lpm_compare2:b2v_UREQ_cmp|lpm_compare:LPM_COMPARE_component"
Info (12130): Elaborated megafunction instantiation "display_ctrl:display_controller|lpm_compare2:b2v_UREQ_cmp|lpm_compare:LPM_COMPARE_component"
Info (12133): Instantiated megafunction "display_ctrl:display_controller|lpm_compare2:b2v_UREQ_cmp|lpm_compare:LPM_COMPARE_component" with the following parameter:
    Info (12134): Parameter "lpm_hint" = "ONE_INPUT_IS_CONSTANT=YES"
    Info (12134): Parameter "lpm_representation" = "UNSIGNED"
    Info (12134): Parameter "lpm_type" = "LPM_COMPARE"
    Info (12134): Parameter "lpm_width" = "10"
Info (12021): Found 1 design units, including 1 entities, in source file db/cmpr_6cj.tdf
    Info (12023): Found entity 1: cmpr_6cj
Info (12128): Elaborating entity "cmpr_6cj" for hierarchy "display_ctrl:display_controller|lpm_compare2:b2v_UREQ_cmp|lpm_compare:LPM_COMPARE_component|cmpr_6cj:auto_generated"
Info (12128): Elaborating entity "lpm_compare0" for hierarchy "display_ctrl:display_controller|lpm_compare0:b2v_VSYNC_cmp"
Info (12128): Elaborating entity "lpm_compare" for hierarchy "display_ctrl:display_controller|lpm_compare0:b2v_VSYNC_cmp|lpm_compare:LPM_COMPARE_component"
Info (12130): Elaborated megafunction instantiation "display_ctrl:display_controller|lpm_compare0:b2v_VSYNC_cmp|lpm_compare:LPM_COMPARE_component"
Info (12133): Instantiated megafunction "display_ctrl:display_controller|lpm_compare0:b2v_VSYNC_cmp|lpm_compare:LPM_COMPARE_component" with the following parameter:
    Info (12134): Parameter "lpm_hint" = "ONE_INPUT_IS_CONSTANT=YES"
    Info (12134): Parameter "lpm_representation" = "UNSIGNED"
    Info (12134): Parameter "lpm_type" = "LPM_COMPARE"
    Info (12134): Parameter "lpm_width" = "18"
Info (12128): Elaborating entity "lpm_counter1" for hierarchy "display_ctrl:display_controller|lpm_counter1:b2v_VSYNC_cnt"
Info (12128): Elaborating entity "lpm_counter" for hierarchy "display_ctrl:display_controller|lpm_counter1:b2v_VSYNC_cnt|lpm_counter:LPM_COUNTER_component"
Info (12130): Elaborated megafunction instantiation "display_ctrl:display_controller|lpm_counter1:b2v_VSYNC_cnt|lpm_counter:LPM_COUNTER_component"
Info (12133): Instantiated megafunction "display_ctrl:display_controller|lpm_counter1:b2v_VSYNC_cnt|lpm_counter:LPM_COUNTER_component" with the following parameter:
    Info (12134): Parameter "lpm_avalue" = "150149"
    Info (12134): Parameter "lpm_direction" = "UP"
    Info (12134): Parameter "lpm_modulus" = "150150"
    Info (12134): Parameter "lpm_port_updown" = "PORT_UNUSED"
    Info (12134): Parameter "lpm_type" = "LPM_COUNTER"
    Info (12134): Parameter "lpm_width" = "18"
Info (12021): Found 1 design units, including 1 entities, in source file db/cntr_k7l.tdf
    Info (12023): Found entity 1: cntr_k7l
Info (12128): Elaborating entity "cntr_k7l" for hierarchy "display_ctrl:display_controller|lpm_counter1:b2v_VSYNC_cnt|lpm_counter:LPM_COUNTER_component|cntr_k7l:auto_generated"
Info (12021): Found 1 design units, including 1 entities, in source file db/cmpr_6hc.tdf
    Info (12023): Found entity 1: cmpr_6hc
Info (12128): Elaborating entity "cmpr_6hc" for hierarchy "display_ctrl:display_controller|lpm_counter1:b2v_VSYNC_cnt|lpm_counter:LPM_COUNTER_component|cntr_k7l:auto_generated|cmpr_6hc:cmpr1"
Info (12128): Elaborating entity "vram_ctrl" for hierarchy "vram_ctrl:VRAM_controller"
Info (12128): Elaborating entity "lpm_mux0" for hierarchy "vram_ctrl:VRAM_controller|lpm_mux0:b2v_addr_mux"
Info (12128): Elaborating entity "LPM_MUX" for hierarchy "vram_ctrl:VRAM_controller|lpm_mux0:b2v_addr_mux|LPM_MUX:LPM_MUX_component"
Info (12130): Elaborated megafunction instantiation "vram_ctrl:VRAM_controller|lpm_mux0:b2v_addr_mux|LPM_MUX:LPM_MUX_component"
Info (12133): Instantiated megafunction "vram_ctrl:VRAM_controller|lpm_mux0:b2v_addr_mux|LPM_MUX:LPM_MUX_component" with the following parameter:
    Info (12134): Parameter "LPM_WIDTH" = "9"
    Info (12134): Parameter "LPM_SIZE" = "4"
    Info (12134): Parameter "LPM_WIDTHS" = "2"
    Info (12134): Parameter "LPM_PIPELINE" = "0"
    Info (12134): Parameter "LPM_TYPE" = "LPM_MUX"
    Info (12134): Parameter "LPM_HINT" = "UNUSED"
Info (12021): Found 1 design units, including 1 entities, in source file db/mux_k6e.tdf
    Info (12023): Found entity 1: mux_k6e
Info (12128): Elaborating entity "mux_k6e" for hierarchy "vram_ctrl:VRAM_controller|lpm_mux0:b2v_addr_mux|LPM_MUX:LPM_MUX_component|mux_k6e:auto_generated"
Info (12128): Elaborating entity "vram_cnt" for hierarchy "vram_ctrl:VRAM_controller|vram_cnt:b2v_VRAM_addr_cnt"
Info (12128): Elaborating entity "lpm_counter" for hierarchy "vram_ctrl:VRAM_controller|vram_cnt:b2v_VRAM_addr_cnt|lpm_counter:LPM_COUNTER_component"
Info (12130): Elaborated megafunction instantiation "vram_ctrl:VRAM_controller|vram_cnt:b2v_VRAM_addr_cnt|lpm_counter:LPM_COUNTER_component"
Info (12133): Instantiated megafunction "vram_ctrl:VRAM_controller|vram_cnt:b2v_VRAM_addr_cnt|lpm_counter:LPM_COUNTER_component" with the following parameter:
    Info (12134): Parameter "lpm_direction" = "UP"
    Info (12134): Parameter "lpm_modulus" = "272"
    Info (12134): Parameter "lpm_port_updown" = "PORT_UNUSED"
    Info (12134): Parameter "lpm_type" = "LPM_COUNTER"
    Info (12134): Parameter "lpm_width" = "9"
Info (12021): Found 1 design units, including 1 entities, in source file db/cntr_hjj.tdf
    Info (12023): Found entity 1: cntr_hjj
Info (12128): Elaborating entity "cntr_hjj" for hierarchy "vram_ctrl:VRAM_controller|vram_cnt:b2v_VRAM_addr_cnt|lpm_counter:LPM_COUNTER_component|cntr_hjj:auto_generated"
Info (12021): Found 1 design units, including 1 entities, in source file db/cmpr_mfc.tdf
    Info (12023): Found entity 1: cmpr_mfc
Info (12128): Elaborating entity "cmpr_mfc" for hierarchy "vram_ctrl:VRAM_controller|vram_cnt:b2v_VRAM_addr_cnt|lpm_counter:LPM_COUNTER_component|cntr_hjj:auto_generated|cmpr_mfc:cmpr1"
Info (12128): Elaborating entity "VRAMCtrl" for hierarchy "vram_ctrl:VRAM_controller|VRAMCtrl:b2v_VRAM_ctrl"
Info: Quartus II 64-Bit Analysis & Elaboration was successful. 0 errors, 0 warnings
    Info: Peak virtual memory: 539 megabytes
    Info: Processing ended: Thu Feb 27 12:54:03 2014
    Info: Elapsed time: 00:00:03
    Info: Total CPU time (on all processors): 00:00:03


